[0725/155054:WARNING:quota_manager.cc(1833)] Create directory failed for path
[0725/162054:WARNING:quota_manager.cc(1833)] Create directory failed for path
[0725/165054:WARNING:quota_manager.cc(1833)] Create directory failed for path
[0725/172054:WARNING:quota_manager.cc(1833)] Create directory failed for path
[0725/175054:WARNING:quota_manager.cc(1833)] Create directory failed for path
[0725/182054:WARNING:quota_manager.cc(1833)] Create directory failed for path
[0725/185054:WARNING:quota_manager.cc(1833)] Create directory failed for path
[0725/192054:WARNING:quota_manager.cc(1833)] Create directory failed for path
[0725/195054:WARNING:quota_manager.cc(1833)] Create directory failed for path
[0725/202054:WARNING:quota_manager.cc(1833)] Create directory failed for path
[0725/211242:WARNING:quota_manager.cc(1833)] Create directory failed for path
[0725/214244:WARNING:quota_manager.cc(1833)] Create directory failed for path
[0725/221244:WARNING:quota_manager.cc(1833)] Create directory failed for path
[0725/224244:WARNING:quota_manager.cc(1833)] Create directory failed for path
[0725/231244:WARNING:quota_manager.cc(1833)] Create directory failed for path
[0725/234244:WARNING:quota_manager.cc(1833)] Create directory failed for path
[0726/001244:WARNING:quota_manager.cc(1833)] Create directory failed for path
[0726/004244:WARNING:quota_manager.cc(1833)] Create directory failed for path
[0726/011244:WARNING:quota_manager.cc(1833)] Create directory failed for path
[0726/014244:WARNING:quota_manager.cc(1833)] Create directory failed for path
[0726/021244:WARNING:quota_manager.cc(1833)] Create directory failed for path
[0726/052730:WARNING:quota_manager.cc(1833)] Create directory failed for path
[0726/080246:WARNING:quota_manager.cc(1833)] Create directory failed for path
[0726/083246:WARNING:quota_manager.cc(1833)] Create directory failed for path
[0726/090246:WARNING:quota_manager.cc(1833)] Create directory failed for path
[0726/104551:WARNING:quota_manager.cc(1833)] Create directory failed for path
[0726/111551:WARNING:quota_manager.cc(1833)] Create directory failed for path
[0726/114551:WARNING:quota_manager.cc(1833)] Create directory failed for path
[0726/121551:WARNING:quota_manager.cc(1833)] Create directory failed for path
[0726/124551:WARNING:quota_manager.cc(1833)] Create directory failed for path
[0726/131551:WARNING:quota_manager.cc(1833)] Create directory failed for path
[0726/134551:WARNING:quota_manager.cc(1833)] Create directory failed for path
[0726/141551:WARNING:quota_manager.cc(1833)] Create directory failed for path
[0726/144551:WARNING:quota_manager.cc(1833)] Create directory failed for path
[0726/153207:WARNING:quota_manager.cc(1833)] Create directory failed for path
[0726/160207:WARNING:quota_manager.cc(1833)] Create directory failed for path
[0726/191458:WARNING:quota_manager.cc(1833)] Create directory failed for path
[0726/191504:WARNING:dns_config_service_win.cc(674)] Failed to read DnsConfig.
[0726/195903:WARNING:quota_manager.cc(1833)] Create directory failed for path
[0726/202903:WARNING:quota_manager.cc(1833)] Create directory failed for path
[0726/205903:WARNING:quota_manager.cc(1833)] Create directory failed for path
[0726/213407:WARNING:quota_manager.cc(1833)] Create directory failed for path
[0726/220407:WARNING:quota_manager.cc(1833)] Create directory failed for path
[0726/223407:WARNING:quota_manager.cc(1833)] Create directory failed for path
[0726/230407:WARNING:quota_manager.cc(1833)] Create directory failed for path
[0726/234702:WARNING:quota_manager.cc(1833)] Create directory failed for path
[0726/234709:WARNING:dns_config_service_win.cc(674)] Failed to read DnsConfig.
[0726/234709:WARNING:dns_config_service_win.cc(674)] Failed to read DnsConfig.
[0727/001702:WARNING:quota_manager.cc(1833)] Create directory failed for path
[0727/004702:WARNING:quota_manager.cc(1833)] Create directory failed for path
[0727/011702:WARNING:quota_manager.cc(1833)] Create directory failed for path
[0727/012737:INFO:exception_record.cc(518)] [QB]Process ID: 18188 Type: 2
[0727/014702:WARNING:quota_manager.cc(1833)] Create directory failed for path
[0727/021702:WARNING:quota_manager.cc(1833)] Create directory failed for path
[0727/024702:WARNING:quota_manager.cc(1833)] Create directory failed for path
[0727/054847:WARNING:quota_manager.cc(1833)] Create directory failed for path
[0727/094800:WARNING:quota_manager.cc(1833)] Create directory failed for path
[0727/101800:WARNING:quota_manager.cc(1833)] Create directory failed for path
[0727/104800:WARNING:quota_manager.cc(1833)] Create directory failed for path
[0727/112331:WARNING:quota_manager.cc(1833)] Create directory failed for path
[0727/115331:WARNING:quota_manager.cc(1833)] Create directory failed for path
[0727/122331:WARNING:quota_manager.cc(1833)] Create directory failed for path
[0727/125331:WARNING:quota_manager.cc(1833)] Create directory failed for path
[0727/132331:WARNING:quota_manager.cc(1833)] Create directory failed for path
[0727/135331:WARNING:quota_manager.cc(1833)] Create directory failed for path
[0727/142331:WARNING:quota_manager.cc(1833)] Create directory failed for path
[0727/145331:WARNING:quota_manager.cc(1833)] Create directory failed for path
[0727/152331:WARNING:quota_manager.cc(1833)] Create directory failed for path
[0727/155331:WARNING:quota_manager.cc(1833)] Create directory failed for path
[0727/183424:WARNING:quota_manager.cc(1833)] Create directory failed for path
[0727/190424:WARNING:quota_manager.cc(1833)] Create directory failed for path
[0727/193424:WARNING:quota_manager.cc(1833)] Create directory failed for path
[0727/200424:WARNING:quota_manager.cc(1833)] Create directory failed for path
[0727/212621:WARNING:quota_manager.cc(1833)] Create directory failed for path
[0727/215619:WARNING:quota_manager.cc(1833)] Create directory failed for path
[0727/222619:WARNING:quota_manager.cc(1833)] Create directory failed for path
[0727/225619:WARNING:quota_manager.cc(1833)] Create directory failed for path
[0728/011454:WARNING:quota_manager.cc(1833)] Create directory failed for path
[0728/011551:INFO:exception_record.cc(518)] [QB]Process ID: 17900 Type: 2
[0728/012042:INFO:exception_record.cc(518)] [QB]Process ID: 12720 Type: 2
[0728/012105:WARNING:webmediaplayer_impl.cc(341)] Using MultibufferDataSource
[0728/014454:WARNING:quota_manager.cc(1833)] Create directory failed for path
[0728/021224:WARNING:webmediaplayer_impl.cc(341)] Using MultibufferDataSource
[0728/021454:WARNING:quota_manager.cc(1833)] Create directory failed for path
[0728/022440:WARNING:webmediaplayer_impl.cc(341)] Using MultibufferDataSource
[0728/024454:WARNING:quota_manager.cc(1833)] Create directory failed for path
[0728/031454:WARNING:quota_manager.cc(1833)] Create directory failed for path
[0728/063254:WARNING:quota_manager.cc(1833)] Create directory failed for path
[0728/104628:WARNING:quota_manager.cc(1833)] Create directory failed for path
[0728/111628:WARNING:quota_manager.cc(1833)] Create directory failed for path
[0728/114628:WARNING:quota_manager.cc(1833)] Create directory failed for path
[0728/121628:WARNING:quota_manager.cc(1833)] Create directory failed for path
[0728/154142:WARNING:quota_manager.cc(1833)] Create directory failed for path
[0728/164946:WARNING:quota_manager.cc(1833)] Create directory failed for path
[0728/181255:WARNING:quota_manager.cc(1833)] Create directory failed for path
[0728/184255:WARNING:quota_manager.cc(1833)] Create directory failed for path
[0728/200706:WARNING:quota_manager.cc(1833)] Create directory failed for path
[0728/203706:WARNING:quota_manager.cc(1833)] Create directory failed for path
[0728/210706:WARNING:quota_manager.cc(1833)] Create directory failed for path
[0728/213706:WARNING:quota_manager.cc(1833)] Create directory failed for path
[0728/215242:WARNING:webmediaplayer_impl.cc(341)] Using MultibufferDataSource
[0728/215733:WARNING:audio_sync_reader.cc(132)] AudioSyncReader::Read timed out, audio glitch count=1
[0728/220706:WARNING:quota_manager.cc(1833)] Create directory failed for path
[0728/223706:WARNING:quota_manager.cc(1833)] Create directory failed for path
[0728/230707:WARNING:quota_manager.cc(1833)] Create directory failed for path
[0728/233707:WARNING:quota_manager.cc(1833)] Create directory failed for path
[0729/025409:WARNING:quota_manager.cc(1833)] Create directory failed for path
[0729/103829:WARNING:quota_manager.cc(1833)] Create directory failed for path
[0729/110829:WARNING:quota_manager.cc(1833)] Create directory failed for path
[0729/113829:WARNING:quota_manager.cc(1833)] Create directory failed for path
[0729/115945:WARNING:webmediaplayer_impl.cc(341)] Using MultibufferDataSource
[0729/120252:ERROR:ffmpeg_demuxer.cc(1510)] media::FFmpegDemuxer::OnReadFrameDone result=-541478725 IsMaxMemoryUsageReached=0
[0729/120829:WARNING:quota_manager.cc(1833)] Create directory failed for path
[0729/123829:WARNING:quota_manager.cc(1833)] Create directory failed for path
[0729/130829:WARNING:quota_manager.cc(1833)] Create directory failed for path
[0729/133829:WARNING:quota_manager.cc(1833)] Create directory failed for path
[0729/140829:WARNING:quota_manager.cc(1833)] Create directory failed for path
[0729/143829:WARNING:quota_manager.cc(1833)] Create directory failed for path
[0729/150829:WARNING:quota_manager.cc(1833)] Create directory failed for path
[0729/153829:WARNING:quota_manager.cc(1833)] Create directory failed for path
[0729/160829:WARNING:quota_manager.cc(1833)] Create directory failed for path
[0729/163829:WARNING:quota_manager.cc(1833)] Create directory failed for path
[0729/170829:WARNING:quota_manager.cc(1833)] Create directory failed for path
[0729/173829:WARNING:quota_manager.cc(1833)] Create directory failed for path
[0729/180829:WARNING:quota_manager.cc(1833)] Create directory failed for path
[0729/183829:WARNING:quota_manager.cc(1833)] Create directory failed for path
[0729/191344:WARNING:quota_manager.cc(1833)] Create directory failed for path
[0729/191349:WARNING:dns_config_service_win.cc(674)] Failed to read DnsConfig.
[0729/194344:WARNING:quota_manager.cc(1833)] Create directory failed for path
[0729/201344:WARNING:quota_manager.cc(1833)] Create directory failed for path
[0729/202310:WARNING:webmediaplayer_impl.cc(341)] Using MultibufferDataSource
[0729/203909:ERROR:ffmpeg_demuxer.cc(1510)] media::FFmpegDemuxer::OnReadFrameDone result=-541478725 IsMaxMemoryUsageReached=0
[0729/203909:WARNING:http_cache_transaction.cc(2516)] Failed to revalidate partial entry
[0729/204344:WARNING:quota_manager.cc(1833)] Create directory failed for path
[0729/212952:WARNING:quota_manager.cc(1833)] Create directory failed for path
[0729/215952:WARNING:quota_manager.cc(1833)] Create directory failed for path
[0730/010700:WARNING:quota_manager.cc(1833)] Create directory failed for path
[0730/114032:WARNING:quota_manager.cc(1833)] Create directory failed for path
[0730/121032:WARNING:quota_manager.cc(1833)] Create directory failed for path
[0730/124032:WARNING:quota_manager.cc(1833)] Create directory failed for path
[0730/131032:WARNING:quota_manager.cc(1833)] Create directory failed for path
[0730/134032:WARNING:quota_manager.cc(1833)] Create directory failed for path
[0730/141032:WARNING:quota_manager.cc(1833)] Create directory failed for path
[0730/144032:WARNING:quota_manager.cc(1833)] Create directory failed for path
[0730/151032:WARNING:quota_manager.cc(1833)] Create directory failed for path
[0730/153653:WARNING:webmediaplayer_impl.cc(341)] Using MultibufferDataSource
[0730/153702:WARNING:webmediaplayer_impl.cc(341)] Using MultibufferDataSource
[0730/153714:WARNING:webmediaplayer_impl.cc(341)] Using MultibufferDataSource
[0730/153724:WARNING:webmediaplayer_impl.cc(341)] Using MultibufferDataSource
[0730/153730:WARNING:webmediaplayer_impl.cc(341)] Using MultibufferDataSource
[0730/153740:WARNING:webmediaplayer_impl.cc(341)] Using MultibufferDataSource
[0730/153747:WARNING:webmediaplayer_impl.cc(341)] Using MultibufferDataSource
[0730/153803:WARNING:webmediaplayer_impl.cc(341)] Using MultibufferDataSource
[0730/154032:WARNING:quota_manager.cc(1833)] Create directory failed for path
[0730/154446:WARNING:audio_sync_reader.cc(132)] AudioSyncReader::Read timed out, audio glitch count=1
[0730/161032:WARNING:quota_manager.cc(1833)] Create directory failed for path
[0730/164032:WARNING:quota_manager.cc(1833)] Create directory failed for path
[0730/171029:WARNING:quota_manager.cc(1833)] Create directory failed for path
[0730/174029:WARNING:quota_manager.cc(1833)] Create directory failed for path
[0730/181029:WARNING:quota_manager.cc(1833)] Create directory failed for path
[0730/184029:WARNING:quota_manager.cc(1833)] Create directory failed for path
[0730/185519:WARNING:dns_config_service_win.cc(674)] Failed to read DnsConfig.
[0730/191029:WARNING:quota_manager.cc(1833)] Create directory failed for path
[0730/194029:WARNING:quota_manager.cc(1833)] Create directory failed for path
[0730/201029:WARNING:quota_manager.cc(1833)] Create directory failed for path
[0730/204029:WARNING:quota_manager.cc(1833)] Create directory failed for path
[0730/213149:WARNING:quota_manager.cc(1833)] Create directory failed for path
[0730/213159:WARNING:dns_config_service_win.cc(674)] Failed to read DnsConfig.
[0730/213204:WARNING:dns_config_service_win.cc(674)] Failed to read DnsConfig.
[0730/220149:WARNING:quota_manager.cc(1833)] Create directory failed for path
[0730/223149:WARNING:quota_manager.cc(1833)] Create directory failed for path
[0730/230149:WARNING:quota_manager.cc(1833)] Create directory failed for path
[0730/233149:WARNING:quota_manager.cc(1833)] Create directory failed for path
[0731/000149:WARNING:quota_manager.cc(1833)] Create directory failed for path
[0731/003149:WARNING:quota_manager.cc(1833)] Create directory failed for path
[0731/004148:INFO:exception_record.cc(518)] [QB]Process ID: 24524 Type: 2
[0731/004205:WARNING:webmediaplayer_impl.cc(341)] Using MultibufferDataSource
[0731/004206:ERROR:ffmpeg_demuxer.cc(1510)] media::FFmpegDemuxer::OnReadFrameDone result=-541478725 IsMaxMemoryUsageReached=0
[0731/004208:WARNING:webmediaplayer_impl.cc(341)] Using MultibufferDataSource
[0731/004208:WARNING:webmediaplayer_impl.cc(341)] Using MultibufferDataSource
[0731/004208:ERROR:ffmpeg_demuxer.cc(1510)] media::FFmpegDemuxer::OnReadFrameDone result=-541478725 IsMaxMemoryUsageReached=0
[0731/004209:ERROR:ffmpeg_demuxer.cc(1510)] media::FFmpegDemuxer::OnReadFrameDone result=-541478725 IsMaxMemoryUsageReached=0
[0731/004209:WARNING:webmediaplayer_impl.cc(341)] Using MultibufferDataSource
[0731/004209:WARNING:webmediaplayer_impl.cc(341)] Using MultibufferDataSource
[0731/004209:ERROR:ffmpeg_demuxer.cc(1510)] media::FFmpegDemuxer::OnReadFrameDone result=-541478725 IsMaxMemoryUsageReached=0
[0731/004209:ERROR:ffmpeg_demuxer.cc(1510)] media::FFmpegDemuxer::OnReadFrameDone result=-541478725 IsMaxMemoryUsageReached=0
[0731/004210:WARNING:webmediaplayer_impl.cc(341)] Using MultibufferDataSource
[0731/004210:WARNING:webmediaplayer_impl.cc(341)] Using MultibufferDataSource
[0731/004210:ERROR:ffmpeg_demuxer.cc(1510)] media::FFmpegDemuxer::OnReadFrameDone result=-541478725 IsMaxMemoryUsageReached=0
[0731/004210:ERROR:ffmpeg_demuxer.cc(1510)] media::FFmpegDemuxer::OnReadFrameDone result=-541478725 IsMaxMemoryUsageReached=0
[0731/004211:WARNING:webmediaplayer_impl.cc(341)] Using MultibufferDataSource
[0731/004211:ERROR:ffmpeg_demuxer.cc(1510)] media::FFmpegDemuxer::OnReadFrameDone result=-541478725 IsMaxMemoryUsageReached=0
[0731/004212:WARNING:webmediaplayer_impl.cc(341)] Using MultibufferDataSource
[0731/004212:WARNING:webmediaplayer_impl.cc(341)] Using MultibufferDataSource
[0731/004212:ERROR:ffmpeg_demuxer.cc(1510)] media::FFmpegDemuxer::OnReadFrameDone result=-541478725 IsMaxMemoryUsageReached=0
[0731/004213:ERROR:ffmpeg_demuxer.cc(1510)] media::FFmpegDemuxer::OnReadFrameDone result=-541478725 IsMaxMemoryUsageReached=0
[0731/004213:WARNING:webmediaplayer_impl.cc(341)] Using MultibufferDataSource
[0731/004213:WARNING:webmediaplayer_impl.cc(341)] Using MultibufferDataSource
[0731/004213:ERROR:ffmpeg_demuxer.cc(1510)] media::FFmpegDemuxer::OnReadFrameDone result=-541478725 IsMaxMemoryUsageReached=0
[0731/004214:ERROR:ffmpeg_demuxer.cc(1510)] media::FFmpegDemuxer::OnReadFrameDone result=-541478725 IsMaxMemoryUsageReached=0
[0731/004214:WARNING:webmediaplayer_impl.cc(341)] Using MultibufferDataSource
[0731/004214:ERROR:ffmpeg_demuxer.cc(1510)] media::FFmpegDemuxer::OnReadFrameDone result=-541478725 IsMaxMemoryUsageReached=0
[0731/004216:WARNING:webmediaplayer_impl.cc(341)] Using MultibufferDataSource
[0731/004216:ERROR:ffmpeg_demuxer.cc(1510)] media::FFmpegDemuxer::OnReadFrameDone result=-541478725 IsMaxMemoryUsageReached=0
[0731/004217:ERROR:ffmpeg_demuxer.cc(1510)] media::FFmpegDemuxer::OnReadFrameDone result=-541478725 IsMaxMemoryUsageReached=0
[0731/004218:WARNING:webmediaplayer_impl.cc(341)] Using MultibufferDataSource
[0731/004218:ERROR:ffmpeg_demuxer.cc(1510)] media::FFmpegDemuxer::OnReadFrameDone result=-541478725 IsMaxMemoryUsageReached=0
[0731/004218:ERROR:ffmpeg_demuxer.cc(1510)] media::FFmpegDemuxer::OnReadFrameDone result=-541478725 IsMaxMemoryUsageReached=0
[0731/004219:WARNING:webmediaplayer_impl.cc(341)] Using MultibufferDataSource
[0731/004219:ERROR:ffmpeg_demuxer.cc(1510)] media::FFmpegDemuxer::OnReadFrameDone result=-541478725 IsMaxMemoryUsageReached=0
[0731/004219:ERROR:ffmpeg_demuxer.cc(1510)] media::FFmpegDemuxer::OnReadFrameDone result=-541478725 IsMaxMemoryUsageReached=0
[0731/004221:ERROR:ffmpeg_demuxer.cc(1510)] media::FFmpegDemuxer::OnReadFrameDone result=-541478725 IsMaxMemoryUsageReached=0
[0731/004223:ERROR:ffmpeg_demuxer.cc(1510)] media::FFmpegDemuxer::OnReadFrameDone result=-541478725 IsMaxMemoryUsageReached=0
[0731/004224:ERROR:ffmpeg_demuxer.cc(1510)] media::FFmpegDemuxer::OnReadFrameDone result=-541478725 IsMaxMemoryUsageReached=0
[0731/004227:ERROR:ffmpeg_demuxer.cc(1510)] media::FFmpegDemuxer::OnReadFrameDone result=-541478725 IsMaxMemoryUsageReached=0
[0731/004227:ERROR:ffmpeg_demuxer.cc(1510)] media::FFmpegDemuxer::OnReadFrameDone result=-541478725 IsMaxMemoryUsageReached=0
[0731/004229:ERROR:ffmpeg_demuxer.cc(1510)] media::FFmpegDemuxer::OnReadFrameDone result=-541478725 IsMaxMemoryUsageReached=0
[0731/004231:ERROR:ffmpeg_demuxer.cc(1510)] media::FFmpegDemuxer::OnReadFrameDone result=-541478725 IsMaxMemoryUsageReached=0
[0731/004232:ERROR:ffmpeg_demuxer.cc(1510)] media::FFmpegDemuxer::OnReadFrameDone result=-541478725 IsMaxMemoryUsageReached=0
[0731/004233:ERROR:ffmpeg_demuxer.cc(1510)] media::FFmpegDemuxer::OnReadFrameDone result=-541478725 IsMaxMemoryUsageReached=0
[0731/004235:ERROR:ffmpeg_demuxer.cc(1510)] media::FFmpegDemuxer::OnReadFrameDone result=-541478725 IsMaxMemoryUsageReached=0
[0731/004236:ERROR:ffmpeg_demuxer.cc(1510)] media::FFmpegDemuxer::OnReadFrameDone result=-541478725 IsMaxMemoryUsageReached=0
[0731/004236:ERROR:ffmpeg_demuxer.cc(1510)] media::FFmpegDemuxer::OnReadFrameDone result=-541478725 IsMaxMemoryUsageReached=0
[0731/004237:ERROR:ffmpeg_demuxer.cc(1510)] media::FFmpegDemuxer::OnReadFrameDone result=-541478725 IsMaxMemoryUsageReached=0
[0731/004237:ERROR:ffmpeg_demuxer.cc(1510)] media::FFmpegDemuxer::OnReadFrameDone result=-541478725 IsMaxMemoryUsageReached=0
[0731/004239:ERROR:ffmpeg_demuxer.cc(1510)] media::FFmpegDemuxer::OnReadFrameDone result=-541478725 IsMaxMemoryUsageReached=0
[0731/004240:ERROR:ffmpeg_demuxer.cc(1510)] media::FFmpegDemuxer::OnReadFrameDone result=-541478725 IsMaxMemoryUsageReached=0
[0731/004240:ERROR:ffmpeg_demuxer.cc(1510)] media::FFmpegDemuxer::OnReadFrameDone result=-541478725 IsMaxMemoryUsageReached=0
[0731/004245:ERROR:ffmpeg_demuxer.cc(1510)] media::FFmpegDemuxer::OnReadFrameDone result=-541478725 IsMaxMemoryUsageReached=0
[0731/004246:ERROR:ffmpeg_demuxer.cc(1510)] media::FFmpegDemuxer::OnReadFrameDone result=-541478725 IsMaxMemoryUsageReached=0
[0731/004254:ERROR:ffmpeg_demuxer.cc(1510)] media::FFmpegDemuxer::OnReadFrameDone result=-541478725 IsMaxMemoryUsageReached=0
[0731/004256:ERROR:ffmpeg_demuxer.cc(1510)] media::FFmpegDemuxer::OnReadFrameDone result=-541478725 IsMaxMemoryUsageReached=0
[0731/004257:ERROR:ffmpeg_demuxer.cc(1510)] media::FFmpegDemuxer::OnReadFrameDone result=-541478725 IsMaxMemoryUsageReached=0
[0731/004301:ERROR:ffmpeg_demuxer.cc(1510)] media::FFmpegDemuxer::OnReadFrameDone result=-541478725 IsMaxMemoryUsageReached=0
[0731/004305:ERROR:ffmpeg_demuxer.cc(1510)] media::FFmpegDemuxer::OnReadFrameDone result=-541478725 IsMaxMemoryUsageReached=0
[0731/004305:ERROR:ffmpeg_demuxer.cc(1510)] media::FFmpegDemuxer::OnReadFrameDone result=-541478725 IsMaxMemoryUsageReached=0
[0731/004312:ERROR:ffmpeg_demuxer.cc(1510)] media::FFmpegDemuxer::OnReadFrameDone result=-541478725 IsMaxMemoryUsageReached=0
[0731/004312:ERROR:ffmpeg_demuxer.cc(1510)] media::FFmpegDemuxer::OnReadFrameDone result=-541478725 IsMaxMemoryUsageReached=0
[0731/004314:ERROR:ffmpeg_demuxer.cc(1510)] media::FFmpegDemuxer::OnReadFrameDone result=-541478725 IsMaxMemoryUsageReached=0
[0731/004314:ERROR:ffmpeg_demuxer.cc(1510)] media::FFmpegDemuxer::OnReadFrameDone result=-541478725 IsMaxMemoryUsageReached=0
[0731/004315:ERROR:ffmpeg_demuxer.cc(1510)] media::FFmpegDemuxer::OnReadFrameDone result=-541478725 IsMaxMemoryUsageReached=0
[0731/004318:ERROR:ffmpeg_demuxer.cc(1510)] media::FFmpegDemuxer::OnReadFrameDone result=-541478725 IsMaxMemoryUsageReached=0
[0731/004319:ERROR:ffmpeg_demuxer.cc(1510)] media::FFmpegDemuxer::OnReadFrameDone result=-541478725 IsMaxMemoryUsageReached=0
[0731/004319:ERROR:ffmpeg_demuxer.cc(1510)] media::FFmpegDemuxer::OnReadFrameDone result=-541478725 IsMaxMemoryUsageReached=0
[0731/004320:ERROR:ffmpeg_demuxer.cc(1510)] media::FFmpegDemuxer::OnReadFrameDone result=-541478725 IsMaxMemoryUsageReached=0
[0731/004322:ERROR:ffmpeg_demuxer.cc(1510)] media::FFmpegDemuxer::OnReadFrameDone result=-541478725 IsMaxMemoryUsageReached=0
[0731/004322:ERROR:ffmpeg_demuxer.cc(1510)] media::FFmpegDemuxer::OnReadFrameDone result=-541478725 IsMaxMemoryUsageReached=0
[0731/004322:ERROR:ffmpeg_demuxer.cc(1510)] media::FFmpegDemuxer::OnReadFrameDone result=-541478725 IsMaxMemoryUsageReached=0
[0731/004322:ERROR:ffmpeg_demuxer.cc(1510)] media::FFmpegDemuxer::OnReadFrameDone result=-541478725 IsMaxMemoryUsageReached=0
[0731/004329:ERROR:ffmpeg_demuxer.cc(1510)] media::FFmpegDemuxer::OnReadFrameDone result=-541478725 IsMaxMemoryUsageReached=0
[0731/004331:ERROR:ffmpeg_demuxer.cc(1510)] media::FFmpegDemuxer::OnReadFrameDone result=-541478725 IsMaxMemoryUsageReached=0
[0731/004332:ERROR:ffmpeg_demuxer.cc(1510)] media::FFmpegDemuxer::OnReadFrameDone result=-541478725 IsMaxMemoryUsageReached=0
[0731/004333:ERROR:ffmpeg_demuxer.cc(1510)] media::FFmpegDemuxer::OnReadFrameDone result=-541478725 IsMaxMemoryUsageReached=0
[0731/004334:ERROR:ffmpeg_demuxer.cc(1510)] media::FFmpegDemuxer::OnReadFrameDone result=-541478725 IsMaxMemoryUsageReached=0
[0731/004335:ERROR:ffmpeg_demuxer.cc(1510)] media::FFmpegDemuxer::OnReadFrameDone result=-541478725 IsMaxMemoryUsageReached=0
[0731/004336:ERROR:ffmpeg_demuxer.cc(1510)] media::FFmpegDemuxer::OnReadFrameDone result=-541478725 IsMaxMemoryUsageReached=0
[0731/004342:ERROR:ffmpeg_demuxer.cc(1510)] media::FFmpegDemuxer::OnReadFrameDone result=-541478725 IsMaxMemoryUsageReached=0
[0731/004343:ERROR:ffmpeg_demuxer.cc(1510)] media::FFmpegDemuxer::OnReadFrameDone result=-541478725 IsMaxMemoryUsageReached=0
[0731/004344:ERROR:ffmpeg_demuxer.cc(1510)] media::FFmpegDemuxer::OnReadFrameDone result=-541478725 IsMaxMemoryUsageReached=0
[0731/004344:ERROR:ffmpeg_demuxer.cc(1510)] media::FFmpegDemuxer::OnReadFrameDone result=-541478725 IsMaxMemoryUsageReached=0
[0731/004346:ERROR:ffmpeg_demuxer.cc(1510)] media::FFmpegDemuxer::OnReadFrameDone result=-541478725 IsMaxMemoryUsageReached=0
[0731/004347:ERROR:ffmpeg_demuxer.cc(1510)] media::FFmpegDemuxer::OnReadFrameDone result=-541478725 IsMaxMemoryUsageReached=0
[0731/004352:ERROR:ffmpeg_demuxer.cc(1510)] media::FFmpegDemuxer::OnReadFrameDone result=-541478725 IsMaxMemoryUsageReached=0
[0731/004352:ERROR:ffmpeg_demuxer.cc(1510)] media::FFmpegDemuxer::OnReadFrameDone result=-541478725 IsMaxMemoryUsageReached=0
[0731/004356:ERROR:ffmpeg_demuxer.cc(1510)] media::FFmpegDemuxer::OnReadFrameDone result=-541478725 IsMaxMemoryUsageReached=0
[0731/004357:ERROR:ffmpeg_demuxer.cc(1510)] media::FFmpegDemuxer::OnReadFrameDone result=-541478725 IsMaxMemoryUsageReached=0
[0731/004357:ERROR:ffmpeg_demuxer.cc(1510)] media::FFmpegDemuxer::OnReadFrameDone result=-541478725 IsMaxMemoryUsageReached=0
[0731/004403:ERROR:ffmpeg_demuxer.cc(1510)] media::FFmpegDemuxer::OnReadFrameDone result=-541478725 IsMaxMemoryUsageReached=0
[0731/004411:ERROR:ffmpeg_demuxer.cc(1510)] media::FFmpegDemuxer::OnReadFrameDone result=-541478725 IsMaxMemoryUsageReached=0
[0731/004413:ERROR:ffmpeg_demuxer.cc(1510)] media::FFmpegDemuxer::OnReadFrameDone result=-541478725 IsMaxMemoryUsageReached=0
[0731/004414:ERROR:ffmpeg_demuxer.cc(1510)] media::FFmpegDemuxer::OnReadFrameDone result=-541478725 IsMaxMemoryUsageReached=0
[0731/004415:ERROR:ffmpeg_demuxer.cc(1510)] media::FFmpegDemuxer::OnReadFrameDone result=-541478725 IsMaxMemoryUsageReached=0
[0731/004415:ERROR:ffmpeg_demuxer.cc(1510)] media::FFmpegDemuxer::OnReadFrameDone result=-541478725 IsMaxMemoryUsageReached=0
[0731/004416:ERROR:ffmpeg_demuxer.cc(1510)] media::FFmpegDemuxer::OnReadFrameDone result=-541478725 IsMaxMemoryUsageReached=0
[0731/004420:ERROR:ffmpeg_demuxer.cc(1510)] media::FFmpegDemuxer::OnReadFrameDone result=-541478725 IsMaxMemoryUsageReached=0
[0731/004420:ERROR:ffmpeg_demuxer.cc(1510)] media::FFmpegDemuxer::OnReadFrameDone result=-541478725 IsMaxMemoryUsageReached=0
[0731/004420:ERROR:ffmpeg_demuxer.cc(1510)] media::FFmpegDemuxer::OnReadFrameDone result=-541478725 IsMaxMemoryUsageReached=0
[0731/004423:ERROR:ffmpeg_demuxer.cc(1510)] media::FFmpegDemuxer::OnReadFrameDone result=-541478725 IsMaxMemoryUsageReached=0
[0731/004423:ERROR:ffmpeg_demuxer.cc(1510)] media::FFmpegDemuxer::OnReadFrameDone result=-541478725 IsMaxMemoryUsageReached=0
[0731/004427:ERROR:ffmpeg_demuxer.cc(1510)] media::FFmpegDemuxer::OnReadFrameDone result=-541478725 IsMaxMemoryUsageReached=0
[0731/004428:ERROR:ffmpeg_demuxer.cc(1510)] media::FFmpegDemuxer::OnReadFrameDone result=-541478725 IsMaxMemoryUsageReached=0
[0731/004431:ERROR:ffmpeg_demuxer.cc(1510)] media::FFmpegDemuxer::OnReadFrameDone result=-541478725 IsMaxMemoryUsageReached=0
[0731/004433:ERROR:ffmpeg_demuxer.cc(1510)] media::FFmpegDemuxer::OnReadFrameDone result=-541478725 IsMaxMemoryUsageReached=0
[0731/004434:ERROR:ffmpeg_demuxer.cc(1510)] media::FFmpegDemuxer::OnReadFrameDone result=-541478725 IsMaxMemoryUsageReached=0
[0731/004436:ERROR:ffmpeg_demuxer.cc(1510)] media::FFmpegDemuxer::OnReadFrameDone result=-541478725 IsMaxMemoryUsageReached=0
[0731/004437:ERROR:ffmpeg_demuxer.cc(1510)] media::FFmpegDemuxer::OnReadFrameDone result=-541478725 IsMaxMemoryUsageReached=0
[0731/004437:ERROR:ffmpeg_demuxer.cc(1510)] media::FFmpegDemuxer::OnReadFrameDone result=-541478725 IsMaxMemoryUsageReached=0
[0731/004443:ERROR:ffmpeg_demuxer.cc(1510)] media::FFmpegDemuxer::OnReadFrameDone result=-541478725 IsMaxMemoryUsageReached=0
[0731/004450:ERROR:ffmpeg_demuxer.cc(1510)] media::FFmpegDemuxer::OnReadFrameDone result=-541478725 IsMaxMemoryUsageReached=0
[0731/004450:ERROR:ffmpeg_demuxer.cc(1510)] media::FFmpegDemuxer::OnReadFrameDone result=-541478725 IsMaxMemoryUsageReached=0
[0731/004502:ERROR:ffmpeg_demuxer.cc(1510)] media::FFmpegDemuxer::OnReadFrameDone result=-541478725 IsMaxMemoryUsageReached=0
[0731/004502:ERROR:ffmpeg_demuxer.cc(1510)] media::FFmpegDemuxer::OnReadFrameDone result=-541478725 IsMaxMemoryUsageReached=0
[0731/004502:ERROR:ffmpeg_demuxer.cc(1510)] media::FFmpegDemuxer::OnReadFrameDone result=-541478725 IsMaxMemoryUsageReached=0
[0731/004503:ERROR:ffmpeg_demuxer.cc(1510)] media::FFmpegDemuxer::OnReadFrameDone result=-541478725 IsMaxMemoryUsageReached=0
[0731/004504:ERROR:ffmpeg_demuxer.cc(1510)] media::FFmpegDemuxer::OnReadFrameDone result=-541478725 IsMaxMemoryUsageReached=0
[0731/004504:ERROR:ffmpeg_demuxer.cc(1510)] media::FFmpegDemuxer::OnReadFrameDone result=-541478725 IsMaxMemoryUsageReached=0
[0731/004509:ERROR:ffmpeg_demuxer.cc(1510)] media::FFmpegDemuxer::OnReadFrameDone result=-541478725 IsMaxMemoryUsageReached=0
[0731/004510:ERROR:ffmpeg_demuxer.cc(1510)] media::FFmpegDemuxer::OnReadFrameDone result=-541478725 IsMaxMemoryUsageReached=0
[0731/004522:ERROR:ffmpeg_demuxer.cc(1510)] media::FFmpegDemuxer::OnReadFrameDone result=-541478725 IsMaxMemoryUsageReached=0
[0731/004523:ERROR:ffmpeg_demuxer.cc(1510)] media::FFmpegDemuxer::OnReadFrameDone result=-541478725 IsMaxMemoryUsageReached=0
[0731/004524:ERROR:ffmpeg_demuxer.cc(1510)] media::FFmpegDemuxer::OnReadFrameDone result=-541478725 IsMaxMemoryUsageReached=0
[0731/004525:ERROR:ffmpeg_demuxer.cc(1510)] media::FFmpegDemuxer::OnReadFrameDone result=-541478725 IsMaxMemoryUsageReached=0
[0731/004526:ERROR:ffmpeg_demuxer.cc(1510)] media::FFmpegDemuxer::OnReadFrameDone result=-541478725 IsMaxMemoryUsageReached=0
[0731/004526:ERROR:ffmpeg_demuxer.cc(1510)] media::FFmpegDemuxer::OnReadFrameDone result=-541478725 IsMaxMemoryUsageReached=0
[0731/004530:ERROR:ffmpeg_demuxer.cc(1510)] media::FFmpegDemuxer::OnReadFrameDone result=-541478725 IsMaxMemoryUsageReached=0
[0731/004530:ERROR:ffmpeg_demuxer.cc(1510)] media::FFmpegDemuxer::OnReadFrameDone result=-541478725 IsMaxMemoryUsageReached=0
[0731/004531:ERROR:ffmpeg_demuxer.cc(1510)] media::FFmpegDemuxer::OnReadFrameDone result=-541478725 IsMaxMemoryUsageReached=0
[0731/004531:ERROR:ffmpeg_demuxer.cc(1510)] media::FFmpegDemuxer::OnReadFrameDone result=-541478725 IsMaxMemoryUsageReached=0
[0731/004535:ERROR:ffmpeg_demuxer.cc(1510)] media::FFmpegDemuxer::OnReadFrameDone result=-541478725 IsMaxMemoryUsageReached=0
[0731/004535:ERROR:ffmpeg_demuxer.cc(1510)] media::FFmpegDemuxer::OnReadFrameDone result=-541478725 IsMaxMemoryUsageReached=0
[0731/004538:ERROR:ffmpeg_demuxer.cc(1510)] media::FFmpegDemuxer::OnReadFrameDone result=-541478725 IsMaxMemoryUsageReached=0
[0731/004541:ERROR:ffmpeg_demuxer.cc(1510)] media::FFmpegDemuxer::OnReadFrameDone result=-541478725 IsMaxMemoryUsageReached=0
[0731/004541:ERROR:ffmpeg_demuxer.cc(1510)] media::FFmpegDemuxer::OnReadFrameDone result=-541478725 IsMaxMemoryUsageReached=0
[0731/004547:ERROR:ffmpeg_demuxer.cc(1510)] media::FFmpegDemuxer::OnReadFrameDone result=-541478725 IsMaxMemoryUsageReached=0
[0731/004547:ERROR:ffmpeg_demuxer.cc(1510)] media::FFmpegDemuxer::OnReadFrameDone result=-541478725 IsMaxMemoryUsageReached=0
[0731/004548:ERROR:ffmpeg_demuxer.cc(1510)] media::FFmpegDemuxer::OnReadFrameDone result=-541478725 IsMaxMemoryUsageReached=0
[0731/004550:ERROR:ffmpeg_demuxer.cc(1510)] media::FFmpegDemuxer::OnReadFrameDone result=-541478725 IsMaxMemoryUsageReached=0
[0731/004551:ERROR:ffmpeg_demuxer.cc(1510)] media::FFmpegDemuxer::OnReadFrameDone result=-541478725 IsMaxMemoryUsageReached=0
[0731/004551:ERROR:ffmpeg_demuxer.cc(1510)] media::FFmpegDemuxer::OnReadFrameDone result=-541478725 IsMaxMemoryUsageReached=0
[0731/004554:ERROR:ffmpeg_demuxer.cc(1510)] media::FFmpegDemuxer::OnReadFrameDone result=-541478725 IsMaxMemoryUsageReached=0
[0731/004555:ERROR:ffmpeg_demuxer.cc(1510)] media::FFmpegDemuxer::OnReadFrameDone result=-541478725 IsMaxMemoryUsageReached=0
[0731/004557:ERROR:ffmpeg_demuxer.cc(1510)] media::FFmpegDemuxer::OnReadFrameDone result=-541478725 IsMaxMemoryUsageReached=0
[0731/004557:ERROR:ffmpeg_demuxer.cc(1510)] media::FFmpegDemuxer::OnReadFrameDone result=-541478725 IsMaxMemoryUsageReached=0
[0731/004558:ERROR:ffmpeg_demuxer.cc(1510)] media::FFmpegDemuxer::OnReadFrameDone result=-541478725 IsMaxMemoryUsageReached=0
[0731/004559:ERROR:ffmpeg_demuxer.cc(1510)] media::FFmpegDemuxer::OnReadFrameDone result=-541478725 IsMaxMemoryUsageReached=0
[0731/004559:ERROR:ffmpeg_demuxer.cc(1510)] media::FFmpegDemuxer::OnReadFrameDone result=-541478725 IsMaxMemoryUsageReached=0
[0731/004600:ERROR:ffmpeg_demuxer.cc(1510)] media::FFmpegDemuxer::OnReadFrameDone result=-541478725 IsMaxMemoryUsageReached=0
[0731/004601:ERROR:ffmpeg_demuxer.cc(1510)] media::FFmpegDemuxer::OnReadFrameDone result=-541478725 IsMaxMemoryUsageReached=0
[0731/004603:ERROR:ffmpeg_demuxer.cc(1510)] media::FFmpegDemuxer::OnReadFrameDone result=-541478725 IsMaxMemoryUsageReached=0
[0731/004604:ERROR:ffmpeg_demuxer.cc(1510)] media::FFmpegDemuxer::OnReadFrameDone result=-541478725 IsMaxMemoryUsageReached=0
[0731/004605:ERROR:ffmpeg_demuxer.cc(1510)] media::FFmpegDemuxer::OnReadFrameDone result=-541478725 IsMaxMemoryUsageReached=0
[0731/004610:ERROR:ffmpeg_demuxer.cc(1510)] media::FFmpegDemuxer::OnReadFrameDone result=-541478725 IsMaxMemoryUsageReached=0
[0731/004610:ERROR:ffmpeg_demuxer.cc(1510)] media::FFmpegDemuxer::OnReadFrameDone result=-541478725 IsMaxMemoryUsageReached=0
[0731/004610:ERROR:ffmpeg_demuxer.cc(1510)] media::FFmpegDemuxer::OnReadFrameDone result=-541478725 IsMaxMemoryUsageReached=0
[0731/004611:ERROR:ffmpeg_demuxer.cc(1510)] media::FFmpegDemuxer::OnReadFrameDone result=-541478725 IsMaxMemoryUsageReached=0
[0731/004612:ERROR:ffmpeg_demuxer.cc(1510)] media::FFmpegDemuxer::OnReadFrameDone result=-541478725 IsMaxMemoryUsageReached=0
[0731/004612:ERROR:ffmpeg_demuxer.cc(1510)] media::FFmpegDemuxer::OnReadFrameDone result=-541478725 IsMaxMemoryUsageReached=0
[0731/004615:ERROR:ffmpeg_demuxer.cc(1510)] media::FFmpegDemuxer::OnReadFrameDone result=-541478725 IsMaxMemoryUsageReached=0
[0731/004616:ERROR:ffmpeg_demuxer.cc(1510)] media::FFmpegDemuxer::OnReadFrameDone result=-541478725 IsMaxMemoryUsageReached=0
[0731/004626:ERROR:ffmpeg_demuxer.cc(1510)] media::FFmpegDemuxer::OnReadFrameDone result=-541478725 IsMaxMemoryUsageReached=0
[0731/004626:ERROR:ffmpeg_demuxer.cc(1510)] media::FFmpegDemuxer::OnReadFrameDone result=-541478725 IsMaxMemoryUsageReached=0
[0731/004627:ERROR:ffmpeg_demuxer.cc(1510)] media::FFmpegDemuxer::OnReadFrameDone result=-541478725 IsMaxMemoryUsageReached=0
[0731/004629:ERROR:ffmpeg_demuxer.cc(1510)] media::FFmpegDemuxer::OnReadFrameDone result=-541478725 IsMaxMemoryUsageReached=0
[0731/004629:ERROR:ffmpeg_demuxer.cc(1510)] media::FFmpegDemuxer::OnReadFrameDone result=-541478725 IsMaxMemoryUsageReached=0
[0731/004629:ERROR:ffmpeg_demuxer.cc(1510)] media::FFmpegDemuxer::OnReadFrameDone result=-541478725 IsMaxMemoryUsageReached=0
[0731/004630:ERROR:ffmpeg_demuxer.cc(1510)] media::FFmpegDemuxer::OnReadFrameDone result=-541478725 IsMaxMemoryUsageReached=0
[0731/004630:ERROR:ffmpeg_demuxer.cc(1510)] media::FFmpegDemuxer::OnReadFrameDone result=-541478725 IsMaxMemoryUsageReached=0
[0731/004631:ERROR:ffmpeg_demuxer.cc(1510)] media::FFmpegDemuxer::OnReadFrameDone result=-541478725 IsMaxMemoryUsageReached=0
[0731/004634:ERROR:ffmpeg_demuxer.cc(1510)] media::FFmpegDemuxer::OnReadFrameDone result=-541478725 IsMaxMemoryUsageReached=0
[0731/004635:ERROR:ffmpeg_demuxer.cc(1510)] media::FFmpegDemuxer::OnReadFrameDone result=-541478725 IsMaxMemoryUsageReached=0
[0731/004636:ERROR:ffmpeg_demuxer.cc(1510)] media::FFmpegDemuxer::OnReadFrameDone result=-541478725 IsMaxMemoryUsageReached=0
[0731/004638:ERROR:ffmpeg_demuxer.cc(1510)] media::FFmpegDemuxer::OnReadFrameDone result=-541478725 IsMaxMemoryUsageReached=0
[0731/004638:ERROR:ffmpeg_demuxer.cc(1510)] media::FFmpegDemuxer::OnReadFrameDone result=-541478725 IsMaxMemoryUsageReached=0
[0731/004638:ERROR:ffmpeg_demuxer.cc(1510)] media::FFmpegDemuxer::OnReadFrameDone result=-541478725 IsMaxMemoryUsageReached=0
[0731/004638:ERROR:ffmpeg_demuxer.cc(1510)] media::FFmpegDemuxer::OnReadFrameDone result=-541478725 IsMaxMemoryUsageReached=0
[0731/004640:ERROR:ffmpeg_demuxer.cc(1510)] media::FFmpegDemuxer::OnReadFrameDone result=-541478725 IsMaxMemoryUsageReached=0
[0731/004643:ERROR:ffmpeg_demuxer.cc(1510)] media::FFmpegDemuxer::OnReadFrameDone result=-541478725 IsMaxMemoryUsageReached=0
[0731/004649:ERROR:ffmpeg_demuxer.cc(1510)] media::FFmpegDemuxer::OnReadFrameDone result=-541478725 IsMaxMemoryUsageReached=0
[0731/004649:ERROR:ffmpeg_demuxer.cc(1510)] media::FFmpegDemuxer::OnReadFrameDone result=-541478725 IsMaxMemoryUsageReached=0
[0731/004650:ERROR:ffmpeg_demuxer.cc(1510)] media::FFmpegDemuxer::OnReadFrameDone result=-541478725 IsMaxMemoryUsageReached=0
[0731/004651:ERROR:ffmpeg_demuxer.cc(1510)] media::FFmpegDemuxer::OnReadFrameDone result=-541478725 IsMaxMemoryUsageReached=0
[0731/004651:ERROR:ffmpeg_demuxer.cc(1510)] media::FFmpegDemuxer::OnReadFrameDone result=-541478725 IsMaxMemoryUsageReached=0
[0731/004652:ERROR:ffmpeg_demuxer.cc(1510)] media::FFmpegDemuxer::OnReadFrameDone result=-541478725 IsMaxMemoryUsageReached=0
[0731/004658:ERROR:ffmpeg_demuxer.cc(1510)] media::FFmpegDemuxer::OnReadFrameDone result=-541478725 IsMaxMemoryUsageReached=0
[0731/004659:ERROR:ffmpeg_demuxer.cc(1510)] media::FFmpegDemuxer::OnReadFrameDone result=-541478725 IsMaxMemoryUsageReached=0
[0731/004700:ERROR:ffmpeg_demuxer.cc(1510)] media::FFmpegDemuxer::OnReadFrameDone result=-541478725 IsMaxMemoryUsageReached=0
[0731/004700:ERROR:ffmpeg_demuxer.cc(1510)] media::FFmpegDemuxer::OnReadFrameDone result=-541478725 IsMaxMemoryUsageReached=0
[0731/004701:ERROR:ffmpeg_demuxer.cc(1510)] media::FFmpegDemuxer::OnReadFrameDone result=-541478725 IsMaxMemoryUsageReached=0
[0731/004701:ERROR:ffmpeg_demuxer.cc(1510)] media::FFmpegDemuxer::OnReadFrameDone result=-541478725 IsMaxMemoryUsageReached=0
[0731/004701:ERROR:ffmpeg_demuxer.cc(1510)] media::FFmpegDemuxer::OnReadFrameDone result=-541478725 IsMaxMemoryUsageReached=0
[0731/004703:ERROR:ffmpeg_demuxer.cc(1510)] media::FFmpegDemuxer::OnReadFrameDone result=-541478725 IsMaxMemoryUsageReached=0
[0731/004703:ERROR:ffmpeg_demuxer.cc(1510)] media::FFmpegDemuxer::OnReadFrameDone result=-541478725 IsMaxMemoryUsageReached=0
[0731/004704:ERROR:ffmpeg_demuxer.cc(1510)] media::FFmpegDemuxer::OnReadFrameDone result=-541478725 IsMaxMemoryUsageReached=0
[0731/004704:ERROR:ffmpeg_demuxer.cc(1510)] media::FFmpegDemuxer::OnReadFrameDone result=-541478725 IsMaxMemoryUsageReached=0
[0731/004708:ERROR:ffmpeg_demuxer.cc(1510)] media::FFmpegDemuxer::OnReadFrameDone result=-541478725 IsMaxMemoryUsageReached=0
[0731/004708:ERROR:ffmpeg_demuxer.cc(1510)] media::FFmpegDemuxer::OnReadFrameDone result=-541478725 IsMaxMemoryUsageReached=0
[0731/004714:ERROR:ffmpeg_demuxer.cc(1510)] media::FFmpegDemuxer::OnReadFrameDone result=-541478725 IsMaxMemoryUsageReached=0
[0731/004715:ERROR:ffmpeg_demuxer.cc(1510)] media::FFmpegDemuxer::OnReadFrameDone result=-541478725 IsMaxMemoryUsageReached=0
[0731/004715:ERROR:ffmpeg_demuxer.cc(1510)] media::FFmpegDemuxer::OnReadFrameDone result=-541478725 IsMaxMemoryUsageReached=0
[0731/004716:ERROR:ffmpeg_demuxer.cc(1510)] media::FFmpegDemuxer::OnReadFrameDone result=-541478725 IsMaxMemoryUsageReached=0
[0731/004717:ERROR:ffmpeg_demuxer.cc(1510)] media::FFmpegDemuxer::OnReadFrameDone result=-541478725 IsMaxMemoryUsageReached=0
[0731/004718:ERROR:ffmpeg_demuxer.cc(1510)] media::FFmpegDemuxer::OnReadFrameDone result=-541478725 IsMaxMemoryUsageReached=0
[0731/004718:ERROR:ffmpeg_demuxer.cc(1510)] media::FFmpegDemuxer::OnReadFrameDone result=-541478725 IsMaxMemoryUsageReached=0
[0731/004718:ERROR:ffmpeg_demuxer.cc(1510)] media::FFmpegDemuxer::OnReadFrameDone result=-541478725 IsMaxMemoryUsageReached=0
[0731/004719:ERROR:ffmpeg_demuxer.cc(1510)] media::FFmpegDemuxer::OnReadFrameDone result=-541478725 IsMaxMemoryUsageReached=0
[0731/004720:ERROR:ffmpeg_demuxer.cc(1510)] media::FFmpegDemuxer::OnReadFrameDone result=-541478725 IsMaxMemoryUsageReached=0
[0731/004720:ERROR:ffmpeg_demuxer.cc(1510)] media::FFmpegDemuxer::OnReadFrameDone result=-541478725 IsMaxMemoryUsageReached=0
[0731/004721:ERROR:ffmpeg_demuxer.cc(1510)] media::FFmpegDemuxer::OnReadFrameDone result=-541478725 IsMaxMemoryUsageReached=0
[0731/004722:ERROR:ffmpeg_demuxer.cc(1510)] media::FFmpegDemuxer::OnReadFrameDone result=-541478725 IsMaxMemoryUsageReached=0
[0731/004722:ERROR:ffmpeg_demuxer.cc(1510)] media::FFmpegDemuxer::OnReadFrameDone result=-541478725 IsMaxMemoryUsageReached=0
[0731/004723:ERROR:ffmpeg_demuxer.cc(1510)] media::FFmpegDemuxer::OnReadFrameDone result=-541478725 IsMaxMemoryUsageReached=0
[0731/004724:ERROR:ffmpeg_demuxer.cc(1510)] media::FFmpegDemuxer::OnReadFrameDone result=-541478725 IsMaxMemoryUsageReached=0
[0731/004724:ERROR:ffmpeg_demuxer.cc(1510)] media::FFmpegDemuxer::OnReadFrameDone result=-541478725 IsMaxMemoryUsageReached=0
[0731/004727:ERROR:ffmpeg_demuxer.cc(1510)] media::FFmpegDemuxer::OnReadFrameDone result=-541478725 IsMaxMemoryUsageReached=0
[0731/004728:ERROR:ffmpeg_demuxer.cc(1510)] media::FFmpegDemuxer::OnReadFrameDone result=-541478725 IsMaxMemoryUsageReached=0
[0731/004732:ERROR:ffmpeg_demuxer.cc(1510)] media::FFmpegDemuxer::OnReadFrameDone result=-541478725 IsMaxMemoryUsageReached=0
[0731/004732:ERROR:ffmpeg_demuxer.cc(1510)] media::FFmpegDemuxer::OnReadFrameDone result=-541478725 IsMaxMemoryUsageReached=0
[0731/004738:ERROR:ffmpeg_demuxer.cc(1510)] media::FFmpegDemuxer::OnReadFrameDone result=-541478725 IsMaxMemoryUsageReached=0
[0731/004738:ERROR:ffmpeg_demuxer.cc(1510)] media::FFmpegDemuxer::OnReadFrameDone result=-541478725 IsMaxMemoryUsageReached=0
[0731/004741:ERROR:ffmpeg_demuxer.cc(1510)] media::FFmpegDemuxer::OnReadFrameDone result=-541478725 IsMaxMemoryUsageReached=0
[0731/004743:ERROR:ffmpeg_demuxer.cc(1510)] media::FFmpegDemuxer::OnReadFrameDone result=-541478725 IsMaxMemoryUsageReached=0
[0731/004743:ERROR:ffmpeg_demuxer.cc(1510)] media::FFmpegDemuxer::OnReadFrameDone result=-541478725 IsMaxMemoryUsageReached=0
[0731/004751:ERROR:ffmpeg_demuxer.cc(1510)] media::FFmpegDemuxer::OnReadFrameDone result=-541478725 IsMaxMemoryUsageReached=0
[0731/004751:ERROR:ffmpeg_demuxer.cc(1510)] media::FFmpegDemuxer::OnReadFrameDone result=-541478725 IsMaxMemoryUsageReached=0
[0731/004752:ERROR:ffmpeg_demuxer.cc(1510)] media::FFmpegDemuxer::OnReadFrameDone result=-541478725 IsMaxMemoryUsageReached=0
[0731/004753:ERROR:ffmpeg_demuxer.cc(1510)] media::FFmpegDemuxer::OnReadFrameDone result=-541478725 IsMaxMemoryUsageReached=0
[0731/004756:ERROR:ffmpeg_demuxer.cc(1510)] media::FFmpegDemuxer::OnReadFrameDone result=-541478725 IsMaxMemoryUsageReached=0
[0731/004757:ERROR:ffmpeg_demuxer.cc(1510)] media::FFmpegDemuxer::OnReadFrameDone result=-541478725 IsMaxMemoryUsageReached=0
[0731/004800:ERROR:ffmpeg_demuxer.cc(1510)] media::FFmpegDemuxer::OnReadFrameDone result=-541478725 IsMaxMemoryUsageReached=0
[0731/004805:ERROR:ffmpeg_demuxer.cc(1510)] media::FFmpegDemuxer::OnReadFrameDone result=-541478725 IsMaxMemoryUsageReached=0
[0731/004805:ERROR:ffmpeg_demuxer.cc(1510)] media::FFmpegDemuxer::OnReadFrameDone result=-541478725 IsMaxMemoryUsageReached=0
[0731/004809:ERROR:ffmpeg_demuxer.cc(1510)] media::FFmpegDemuxer::OnReadFrameDone result=-541478725 IsMaxMemoryUsageReached=0
[0731/004809:ERROR:ffmpeg_demuxer.cc(1510)] media::FFmpegDemuxer::OnReadFrameDone result=-541478725 IsMaxMemoryUsageReached=0
[0731/004811:ERROR:ffmpeg_demuxer.cc(1510)] media::FFmpegDemuxer::OnReadFrameDone result=-541478725 IsMaxMemoryUsageReached=0
[0731/004811:ERROR:ffmpeg_demuxer.cc(1510)] media::FFmpegDemuxer::OnReadFrameDone result=-541478725 IsMaxMemoryUsageReached=0
[0731/004812:ERROR:ffmpeg_demuxer.cc(1510)] media::FFmpegDemuxer::OnReadFrameDone result=-541478725 IsMaxMemoryUsageReached=0
[0731/004814:ERROR:ffmpeg_demuxer.cc(1510)] media::FFmpegDemuxer::OnReadFrameDone result=-541478725 IsMaxMemoryUsageReached=0
[0731/004815:ERROR:ffmpeg_demuxer.cc(1510)] media::FFmpegDemuxer::OnReadFrameDone result=-541478725 IsMaxMemoryUsageReached=0
[0731/004815:ERROR:ffmpeg_demuxer.cc(1510)] media::FFmpegDemuxer::OnReadFrameDone result=-541478725 IsMaxMemoryUsageReached=0
[0731/004816:ERROR:ffmpeg_demuxer.cc(1510)] media::FFmpegDemuxer::OnReadFrameDone result=-541478725 IsMaxMemoryUsageReached=0
[0731/004816:ERROR:ffmpeg_demuxer.cc(1510)] media::FFmpegDemuxer::OnReadFrameDone result=-541478725 IsMaxMemoryUsageReached=0
[0731/004821:ERROR:ffmpeg_demuxer.cc(1510)] media::FFmpegDemuxer::OnReadFrameDone result=-541478725 IsMaxMemoryUsageReached=0
[0731/004822:ERROR:ffmpeg_demuxer.cc(1510)] media::FFmpegDemuxer::OnReadFrameDone result=-541478725 IsMaxMemoryUsageReached=0
[0731/004826:ERROR:ffmpeg_demuxer.cc(1510)] media::FFmpegDemuxer::OnReadFrameDone result=-541478725 IsMaxMemoryUsageReached=0
[0731/004829:ERROR:ffmpeg_demuxer.cc(1510)] media::FFmpegDemuxer::OnReadFrameDone result=-541478725 IsMaxMemoryUsageReached=0
[0731/004830:ERROR:ffmpeg_demuxer.cc(1510)] media::FFmpegDemuxer::OnReadFrameDone result=-541478725 IsMaxMemoryUsageReached=0
[0731/004831:ERROR:ffmpeg_demuxer.cc(1510)] media::FFmpegDemuxer::OnReadFrameDone result=-541478725 IsMaxMemoryUsageReached=0
[0731/004838:ERROR:ffmpeg_demuxer.cc(1510)] media::FFmpegDemuxer::OnReadFrameDone result=-541478725 IsMaxMemoryUsageReached=0
[0731/004838:ERROR:ffmpeg_demuxer.cc(1510)] media::FFmpegDemuxer::OnReadFrameDone result=-541478725 IsMaxMemoryUsageReached=0
[0731/004842:ERROR:ffmpeg_demuxer.cc(1510)] media::FFmpegDemuxer::OnReadFrameDone result=-541478725 IsMaxMemoryUsageReached=0
[0731/004842:ERROR:ffmpeg_demuxer.cc(1510)] media::FFmpegDemuxer::OnReadFrameDone result=-541478725 IsMaxMemoryUsageReached=0
[0731/004846:ERROR:ffmpeg_demuxer.cc(1510)] media::FFmpegDemuxer::OnReadFrameDone result=-541478725 IsMaxMemoryUsageReached=0
[0731/004846:ERROR:ffmpeg_demuxer.cc(1510)] media::FFmpegDemuxer::OnReadFrameDone result=-541478725 IsMaxMemoryUsageReached=0
[0731/004848:ERROR:ffmpeg_demuxer.cc(1510)] media::FFmpegDemuxer::OnReadFrameDone result=-541478725 IsMaxMemoryUsageReached=0
[0731/004849:ERROR:ffmpeg_demuxer.cc(1510)] media::FFmpegDemuxer::OnReadFrameDone result=-541478725 IsMaxMemoryUsageReached=0
[0731/004849:ERROR:ffmpeg_demuxer.cc(1510)] media::FFmpegDemuxer::OnReadFrameDone result=-541478725 IsMaxMemoryUsageReached=0
[0731/004850:ERROR:ffmpeg_demuxer.cc(1510)] media::FFmpegDemuxer::OnReadFrameDone result=-541478725 IsMaxMemoryUsageReached=0
[0731/004850:ERROR:ffmpeg_demuxer.cc(1510)] media::FFmpegDemuxer::OnReadFrameDone result=-541478725 IsMaxMemoryUsageReached=0
[0731/004851:ERROR:ffmpeg_demuxer.cc(1510)] media::FFmpegDemuxer::OnReadFrameDone result=-541478725 IsMaxMemoryUsageReached=0
[0731/004851:ERROR:ffmpeg_demuxer.cc(1510)] media::FFmpegDemuxer::OnReadFrameDone result=-541478725 IsMaxMemoryUsageReached=0
[0731/004851:ERROR:ffmpeg_demuxer.cc(1510)] media::FFmpegDemuxer::OnReadFrameDone result=-541478725 IsMaxMemoryUsageReached=0
[0731/004854:ERROR:ffmpeg_demuxer.cc(1510)] media::FFmpegDemuxer::OnReadFrameDone result=-541478725 IsMaxMemoryUsageReached=0
[0731/004855:ERROR:ffmpeg_demuxer.cc(1510)] media::FFmpegDemuxer::OnReadFrameDone result=-541478725 IsMaxMemoryUsageReached=0
[0731/004859:ERROR:ffmpeg_demuxer.cc(1510)] media::FFmpegDemuxer::OnReadFrameDone result=-541478725 IsMaxMemoryUsageReached=0
[0731/004900:ERROR:ffmpeg_demuxer.cc(1510)] media::FFmpegDemuxer::OnReadFrameDone result=-541478725 IsMaxMemoryUsageReached=0
[0731/004912:ERROR:ffmpeg_demuxer.cc(1510)] media::FFmpegDemuxer::OnReadFrameDone result=-541478725 IsMaxMemoryUsageReached=0
[0731/004913:ERROR:ffmpeg_demuxer.cc(1510)] media::FFmpegDemuxer::OnReadFrameDone result=-541478725 IsMaxMemoryUsageReached=0
[0731/004914:ERROR:ffmpeg_demuxer.cc(1510)] media::FFmpegDemuxer::OnReadFrameDone result=-541478725 IsMaxMemoryUsageReached=0
[0731/004915:ERROR:ffmpeg_demuxer.cc(1510)] media::FFmpegDemuxer::OnReadFrameDone result=-541478725 IsMaxMemoryUsageReached=0
[0731/004917:ERROR:ffmpeg_demuxer.cc(1510)] media::FFmpegDemuxer::OnReadFrameDone result=-541478725 IsMaxMemoryUsageReached=0
[0731/004917:ERROR:ffmpeg_demuxer.cc(1510)] media::FFmpegDemuxer::OnReadFrameDone result=-541478725 IsMaxMemoryUsageReached=0
[0731/004924:ERROR:ffmpeg_demuxer.cc(1510)] media::FFmpegDemuxer::OnReadFrameDone result=-541478725 IsMaxMemoryUsageReached=0
[0731/004929:ERROR:ffmpeg_demuxer.cc(1510)] media::FFmpegDemuxer::OnReadFrameDone result=-541478725 IsMaxMemoryUsageReached=0
[0731/004930:ERROR:ffmpeg_demuxer.cc(1510)] media::FFmpegDemuxer::OnReadFrameDone result=-541478725 IsMaxMemoryUsageReached=0
[0731/004933:ERROR:ffmpeg_demuxer.cc(1510)] media::FFmpegDemuxer::OnReadFrameDone result=-541478725 IsMaxMemoryUsageReached=0
[0731/004935:ERROR:ffmpeg_demuxer.cc(1510)] media::FFmpegDemuxer::OnReadFrameDone result=-541478725 IsMaxMemoryUsageReached=0
[0731/004935:ERROR:ffmpeg_demuxer.cc(1510)] media::FFmpegDemuxer::OnReadFrameDone result=-541478725 IsMaxMemoryUsageReached=0
[0731/004937:ERROR:ffmpeg_demuxer.cc(1510)] media::FFmpegDemuxer::OnReadFrameDone result=-541478725 IsMaxMemoryUsageReached=0
[0731/004937:ERROR:ffmpeg_demuxer.cc(1510)] media::FFmpegDemuxer::OnReadFrameDone result=-541478725 IsMaxMemoryUsageReached=0
[0731/004937:ERROR:ffmpeg_demuxer.cc(1510)] media::FFmpegDemuxer::OnReadFrameDone result=-541478725 IsMaxMemoryUsageReached=0
[0731/004943:ERROR:ffmpeg_demuxer.cc(1510)] media::FFmpegDemuxer::OnReadFrameDone result=-541478725 IsMaxMemoryUsageReached=0
[0731/004943:ERROR:ffmpeg_demuxer.cc(1510)] media::FFmpegDemuxer::OnReadFrameDone result=-541478725 IsMaxMemoryUsageReached=0
[0731/004943:ERROR:ffmpeg_demuxer.cc(1510)] media::FFmpegDemuxer::OnReadFrameDone result=-541478725 IsMaxMemoryUsageReached=0
[0731/004955:ERROR:ffmpeg_demuxer.cc(1510)] media::FFmpegDemuxer::OnReadFrameDone result=-541478725 IsMaxMemoryUsageReached=0
[0731/004958:ERROR:ffmpeg_demuxer.cc(1510)] media::FFmpegDemuxer::OnReadFrameDone result=-541478725 IsMaxMemoryUsageReached=0
[0731/005001:ERROR:ffmpeg_demuxer.cc(1510)] media::FFmpegDemuxer::OnReadFrameDone result=-541478725 IsMaxMemoryUsageReached=0
[0731/005003:ERROR:ffmpeg_demuxer.cc(1510)] media::FFmpegDemuxer::OnReadFrameDone result=-541478725 IsMaxMemoryUsageReached=0
[0731/005003:ERROR:ffmpeg_demuxer.cc(1510)] media::FFmpegDemuxer::OnReadFrameDone result=-541478725 IsMaxMemoryUsageReached=0
[0731/005006:ERROR:ffmpeg_demuxer.cc(1510)] media::FFmpegDemuxer::OnReadFrameDone result=-541478725 IsMaxMemoryUsageReached=0
[0731/005013:ERROR:ffmpeg_demuxer.cc(1510)] media::FFmpegDemuxer::OnReadFrameDone result=-541478725 IsMaxMemoryUsageReached=0
[0731/005014:ERROR:ffmpeg_demuxer.cc(1510)] media::FFmpegDemuxer::OnReadFrameDone result=-541478725 IsMaxMemoryUsageReached=0
[0731/005016:ERROR:ffmpeg_demuxer.cc(1510)] media::FFmpegDemuxer::OnReadFrameDone result=-541478725 IsMaxMemoryUsageReached=0
[0731/005017:ERROR:ffmpeg_demuxer.cc(1510)] media::FFmpegDemuxer::OnReadFrameDone result=-541478725 IsMaxMemoryUsageReached=0
[0731/005018:ERROR:ffmpeg_demuxer.cc(1510)] media::FFmpegDemuxer::OnReadFrameDone result=-541478725 IsMaxMemoryUsageReached=0
[0731/005018:ERROR:ffmpeg_demuxer.cc(1510)] media::FFmpegDemuxer::OnReadFrameDone result=-541478725 IsMaxMemoryUsageReached=0
[0731/005020:ERROR:ffmpeg_demuxer.cc(1510)] media::FFmpegDemuxer::OnReadFrameDone result=-541478725 IsMaxMemoryUsageReached=0
[0731/005020:ERROR:ffmpeg_demuxer.cc(1510)] media::FFmpegDemuxer::OnReadFrameDone result=-541478725 IsMaxMemoryUsageReached=0
[0731/005022:ERROR:ffmpeg_demuxer.cc(1510)] media::FFmpegDemuxer::OnReadFrameDone result=-541478725 IsMaxMemoryUsageReached=0
[0731/005023:ERROR:ffmpeg_demuxer.cc(1510)] media::FFmpegDemuxer::OnReadFrameDone result=-541478725 IsMaxMemoryUsageReached=0
[0731/005023:ERROR:ffmpeg_demuxer.cc(1510)] media::FFmpegDemuxer::OnReadFrameDone result=-541478725 IsMaxMemoryUsageReached=0
[0731/005024:ERROR:ffmpeg_demuxer.cc(1510)] media::FFmpegDemuxer::OnReadFrameDone result=-541478725 IsMaxMemoryUsageReached=0
[0731/005024:ERROR:ffmpeg_demuxer.cc(1510)] media::FFmpegDemuxer::OnReadFrameDone result=-541478725 IsMaxMemoryUsageReached=0
[0731/005024:ERROR:ffmpeg_demuxer.cc(1510)] media::FFmpegDemuxer::OnReadFrameDone result=-541478725 IsMaxMemoryUsageReached=0
[0731/005026:ERROR:ffmpeg_demuxer.cc(1510)] media::FFmpegDemuxer::OnReadFrameDone result=-541478725 IsMaxMemoryUsageReached=0
[0731/005027:ERROR:ffmpeg_demuxer.cc(1510)] media::FFmpegDemuxer::OnReadFrameDone result=-541478725 IsMaxMemoryUsageReached=0
[0731/005027:ERROR:ffmpeg_demuxer.cc(1510)] media::FFmpegDemuxer::OnReadFrameDone result=-541478725 IsMaxMemoryUsageReached=0
[0731/005029:ERROR:ffmpeg_demuxer.cc(1510)] media::FFmpegDemuxer::OnReadFrameDone result=-541478725 IsMaxMemoryUsageReached=0
[0731/005030:ERROR:ffmpeg_demuxer.cc(1510)] media::FFmpegDemuxer::OnReadFrameDone result=-541478725 IsMaxMemoryUsageReached=0
[0731/005032:ERROR:ffmpeg_demuxer.cc(1510)] media::FFmpegDemuxer::OnReadFrameDone result=-541478725 IsMaxMemoryUsageReached=0
[0731/005033:ERROR:ffmpeg_demuxer.cc(1510)] media::FFmpegDemuxer::OnReadFrameDone result=-541478725 IsMaxMemoryUsageReached=0
[0731/005036:ERROR:ffmpeg_demuxer.cc(1510)] media::FFmpegDemuxer::OnReadFrameDone result=-541478725 IsMaxMemoryUsageReached=0
[0731/005037:ERROR:ffmpeg_demuxer.cc(1510)] media::FFmpegDemuxer::OnReadFrameDone result=-541478725 IsMaxMemoryUsageReached=0
[0731/005042:ERROR:ffmpeg_demuxer.cc(1510)] media::FFmpegDemuxer::OnReadFrameDone result=-541478725 IsMaxMemoryUsageReached=0
[0731/005043:ERROR:ffmpeg_demuxer.cc(1510)] media::FFmpegDemuxer::OnReadFrameDone result=-541478725 IsMaxMemoryUsageReached=0
[0731/005046:ERROR:ffmpeg_demuxer.cc(1510)] media::FFmpegDemuxer::OnReadFrameDone result=-541478725 IsMaxMemoryUsageReached=0
[0731/005047:ERROR:ffmpeg_demuxer.cc(1510)] media::FFmpegDemuxer::OnReadFrameDone result=-541478725 IsMaxMemoryUsageReached=0
[0731/005047:ERROR:ffmpeg_demuxer.cc(1510)] media::FFmpegDemuxer::OnReadFrameDone result=-541478725 IsMaxMemoryUsageReached=0
[0731/005049:ERROR:ffmpeg_demuxer.cc(1510)] media::FFmpegDemuxer::OnReadFrameDone result=-541478725 IsMaxMemoryUsageReached=0
[0731/005051:ERROR:ffmpeg_demuxer.cc(1510)] media::FFmpegDemuxer::OnReadFrameDone result=-541478725 IsMaxMemoryUsageReached=0
[0731/005052:ERROR:ffmpeg_demuxer.cc(1510)] media::FFmpegDemuxer::OnReadFrameDone result=-541478725 IsMaxMemoryUsageReached=0
[0731/005053:ERROR:ffmpeg_demuxer.cc(1510)] media::FFmpegDemuxer::OnReadFrameDone result=-541478725 IsMaxMemoryUsageReached=0
[0731/005058:ERROR:ffmpeg_demuxer.cc(1510)] media::FFmpegDemuxer::OnReadFrameDone result=-541478725 IsMaxMemoryUsageReached=0
[0731/005100:ERROR:ffmpeg_demuxer.cc(1510)] media::FFmpegDemuxer::OnReadFrameDone result=-541478725 IsMaxMemoryUsageReached=0
[0731/005101:ERROR:ffmpeg_demuxer.cc(1510)] media::FFmpegDemuxer::OnReadFrameDone result=-541478725 IsMaxMemoryUsageReached=0
[0731/005102:ERROR:ffmpeg_demuxer.cc(1510)] media::FFmpegDemuxer::OnReadFrameDone result=-541478725 IsMaxMemoryUsageReached=0
[0731/005103:ERROR:ffmpeg_demuxer.cc(1510)] media::FFmpegDemuxer::OnReadFrameDone result=-541478725 IsMaxMemoryUsageReached=0
[0731/005104:ERROR:ffmpeg_demuxer.cc(1510)] media::FFmpegDemuxer::OnReadFrameDone result=-541478725 IsMaxMemoryUsageReached=0
[0731/005104:ERROR:ffmpeg_demuxer.cc(1510)] media::FFmpegDemuxer::OnReadFrameDone result=-541478725 IsMaxMemoryUsageReached=0
[0731/005112:ERROR:ffmpeg_demuxer.cc(1510)] media::FFmpegDemuxer::OnReadFrameDone result=-541478725 IsMaxMemoryUsageReached=0
[0731/005112:ERROR:ffmpeg_demuxer.cc(1510)] media::FFmpegDemuxer::OnReadFrameDone result=-541478725 IsMaxMemoryUsageReached=0
[0731/005112:ERROR:ffmpeg_demuxer.cc(1510)] media::FFmpegDemuxer::OnReadFrameDone result=-541478725 IsMaxMemoryUsageReached=0
[0731/005116:ERROR:ffmpeg_demuxer.cc(1510)] media::FFmpegDemuxer::OnReadFrameDone result=-541478725 IsMaxMemoryUsageReached=0
[0731/005117:ERROR:ffmpeg_demuxer.cc(1510)] media::FFmpegDemuxer::OnReadFrameDone result=-541478725 IsMaxMemoryUsageReached=0
[0731/005122:ERROR:ffmpeg_demuxer.cc(1510)] media::FFmpegDemuxer::OnReadFrameDone result=-541478725 IsMaxMemoryUsageReached=0
[0731/005122:ERROR:ffmpeg_demuxer.cc(1510)] media::FFmpegDemuxer::OnReadFrameDone result=-541478725 IsMaxMemoryUsageReached=0
[0731/005123:ERROR:ffmpeg_demuxer.cc(1510)] media::FFmpegDemuxer::OnReadFrameDone result=-541478725 IsMaxMemoryUsageReached=0
[0731/005127:ERROR:ffmpeg_demuxer.cc(1510)] media::FFmpegDemuxer::OnReadFrameDone result=-541478725 IsMaxMemoryUsageReached=0
[0731/005128:ERROR:ffmpeg_demuxer.cc(1510)] media::FFmpegDemuxer::OnReadFrameDone result=-541478725 IsMaxMemoryUsageReached=0
[0731/005128:ERROR:ffmpeg_demuxer.cc(1510)] media::FFmpegDemuxer::OnReadFrameDone result=-541478725 IsMaxMemoryUsageReached=0
[0731/005128:ERROR:ffmpeg_demuxer.cc(1510)] media::FFmpegDemuxer::OnReadFrameDone result=-541478725 IsMaxMemoryUsageReached=0
[0731/005129:ERROR:ffmpeg_demuxer.cc(1510)] media::FFmpegDemuxer::OnReadFrameDone result=-541478725 IsMaxMemoryUsageReached=0
[0731/005131:ERROR:ffmpeg_demuxer.cc(1510)] media::FFmpegDemuxer::OnReadFrameDone result=-541478725 IsMaxMemoryUsageReached=0
[0731/005131:ERROR:ffmpeg_demuxer.cc(1510)] media::FFmpegDemuxer::OnReadFrameDone result=-541478725 IsMaxMemoryUsageReached=0
[0731/005131:ERROR:ffmpeg_demuxer.cc(1510)] media::FFmpegDemuxer::OnReadFrameDone result=-541478725 IsMaxMemoryUsageReached=0
[0731/005132:ERROR:ffmpeg_demuxer.cc(1510)] media::FFmpegDemuxer::OnReadFrameDone result=-541478725 IsMaxMemoryUsageReached=0
[0731/005133:ERROR:ffmpeg_demuxer.cc(1510)] media::FFmpegDemuxer::OnReadFrameDone result=-541478725 IsMaxMemoryUsageReached=0
[0731/005134:ERROR:ffmpeg_demuxer.cc(1510)] media::FFmpegDemuxer::OnReadFrameDone result=-541478725 IsMaxMemoryUsageReached=0
[0731/005135:ERROR:ffmpeg_demuxer.cc(1510)] media::FFmpegDemuxer::OnReadFrameDone result=-541478725 IsMaxMemoryUsageReached=0
[0731/005147:ERROR:ffmpeg_demuxer.cc(1510)] media::FFmpegDemuxer::OnReadFrameDone result=-541478725 IsMaxMemoryUsageReached=0
[0731/005148:ERROR:ffmpeg_demuxer.cc(1510)] media::FFmpegDemuxer::OnReadFrameDone result=-541478725 IsMaxMemoryUsageReached=0
[0731/005150:ERROR:ffmpeg_demuxer.cc(1510)] media::FFmpegDemuxer::OnReadFrameDone result=-541478725 IsMaxMemoryUsageReached=0
[0731/005151:ERROR:ffmpeg_demuxer.cc(1510)] media::FFmpegDemuxer::OnReadFrameDone result=-541478725 IsMaxMemoryUsageReached=0
[0731/005152:ERROR:ffmpeg_demuxer.cc(1510)] media::FFmpegDemuxer::OnReadFrameDone result=-541478725 IsMaxMemoryUsageReached=0
[0731/005153:ERROR:ffmpeg_demuxer.cc(1510)] media::FFmpegDemuxer::OnReadFrameDone result=-541478725 IsMaxMemoryUsageReached=0
[0731/005153:ERROR:ffmpeg_demuxer.cc(1510)] media::FFmpegDemuxer::OnReadFrameDone result=-541478725 IsMaxMemoryUsageReached=0
[0731/005154:ERROR:ffmpeg_demuxer.cc(1510)] media::FFmpegDemuxer::OnReadFrameDone result=-541478725 IsMaxMemoryUsageReached=0
[0731/005155:ERROR:ffmpeg_demuxer.cc(1510)] media::FFmpegDemuxer::OnReadFrameDone result=-541478725 IsMaxMemoryUsageReached=0
[0731/005155:ERROR:ffmpeg_demuxer.cc(1510)] media::FFmpegDemuxer::OnReadFrameDone result=-541478725 IsMaxMemoryUsageReached=0
[0731/005157:ERROR:ffmpeg_demuxer.cc(1510)] media::FFmpegDemuxer::OnReadFrameDone result=-541478725 IsMaxMemoryUsageReached=0
[0731/005157:ERROR:ffmpeg_demuxer.cc(1510)] media::FFmpegDemuxer::OnReadFrameDone result=-541478725 IsMaxMemoryUsageReached=0
[0731/005159:ERROR:ffmpeg_demuxer.cc(1510)] media::FFmpegDemuxer::OnReadFrameDone result=-541478725 IsMaxMemoryUsageReached=0
[0731/005159:ERROR:ffmpeg_demuxer.cc(1510)] media::FFmpegDemuxer::OnReadFrameDone result=-541478725 IsMaxMemoryUsageReached=0
[0731/005201:ERROR:ffmpeg_demuxer.cc(1510)] media::FFmpegDemuxer::OnReadFrameDone result=-541478725 IsMaxMemoryUsageReached=0
[0731/005201:ERROR:ffmpeg_demuxer.cc(1510)] media::FFmpegDemuxer::OnReadFrameDone result=-541478725 IsMaxMemoryUsageReached=0
[0731/005205:ERROR:ffmpeg_demuxer.cc(1510)] media::FFmpegDemuxer::OnReadFrameDone result=-541478725 IsMaxMemoryUsageReached=0
[0731/005205:ERROR:ffmpeg_demuxer.cc(1510)] media::FFmpegDemuxer::OnReadFrameDone result=-541478725 IsMaxMemoryUsageReached=0
[0731/005206:ERROR:ffmpeg_demuxer.cc(1510)] media::FFmpegDemuxer::OnReadFrameDone result=-541478725 IsMaxMemoryUsageReached=0
[0731/005207:ERROR:ffmpeg_demuxer.cc(1510)] media::FFmpegDemuxer::OnReadFrameDone result=-541478725 IsMaxMemoryUsageReached=0
[0731/010149:WARNING:quota_manager.cc(1833)] Create directory failed for path
[0731/013149:WARNING:quota_manager.cc(1833)] Create directory failed for path
[0731/020149:WARNING:quota_manager.cc(1833)] Create directory failed for path
[0731/023149:WARNING:quota_manager.cc(1833)] Create directory failed for path
[0731/030149:WARNING:quota_manager.cc(1833)] Create directory failed for path
[0731/033149:WARNING:quota_manager.cc(1833)] Create directory failed for path
[0731/070022:WARNING:quota_manager.cc(1833)] Create directory failed for path
[0731/113316:WARNING:quota_manager.cc(1833)] Create directory failed for path
[0731/115057:INFO:exception_record.cc(518)] [QB]Process ID: 6400 Type: 2
[0731/115105:WARNING:webmediaplayer_impl.cc(341)] Using MultibufferDataSource
[0731/115607:WARNING:webmediaplayer_impl.cc(341)] Using MultibufferDataSource
[0731/115726:WARNING:webmediaplayer_impl.cc(341)] Using MultibufferDataSource
[0731/115814:WARNING:webmediaplayer_impl.cc(341)] Using MultibufferDataSource
[0731/115905:WARNING:webmediaplayer_impl.cc(341)] Using MultibufferDataSource
[0731/115914:WARNING:webmediaplayer_impl.cc(341)] Using MultibufferDataSource
[0731/115932:WARNING:webmediaplayer_impl.cc(341)] Using MultibufferDataSource
[0731/120316:WARNING:quota_manager.cc(1833)] Create directory failed for path
[0731/123316:WARNING:quota_manager.cc(1833)] Create directory failed for path
[0731/130316:WARNING:quota_manager.cc(1833)] Create directory failed for path
[0731/133316:WARNING:quota_manager.cc(1833)] Create directory failed for path
[0731/140316:WARNING:quota_manager.cc(1833)] Create directory failed for path
[0731/143316:WARNING:quota_manager.cc(1833)] Create directory failed for path
[0731/150316:WARNING:quota_manager.cc(1833)] Create directory failed for path
[0731/153316:WARNING:quota_manager.cc(1833)] Create directory failed for path
[0731/160316:WARNING:quota_manager.cc(1833)] Create directory failed for path
[0731/163316:WARNING:quota_manager.cc(1833)] Create directory failed for path
[0731/170316:WARNING:quota_manager.cc(1833)] Create directory failed for path
[0731/173316:WARNING:quota_manager.cc(1833)] Create directory failed for path
[0731/180316:WARNING:quota_manager.cc(1833)] Create directory failed for path
[0731/205042:WARNING:quota_manager.cc(1833)] Create directory failed for path
[0731/212042:WARNING:quota_manager.cc(1833)] Create directory failed for path
[0731/215042:WARNING:quota_manager.cc(1833)] Create directory failed for path
[0731/222042:WARNING:quota_manager.cc(1833)] Create directory failed for path
[0731/224405:WARNING:webmediaplayer_impl.cc(341)] Using MultibufferDataSource
[0731/225042:WARNING:quota_manager.cc(1833)] Create directory failed for path
[0731/232042:WARNING:quota_manager.cc(1833)] Create directory failed for path
[0731/235042:WARNING:quota_manager.cc(1833)] Create directory failed for path
[0801/002635:WARNING:quota_manager.cc(1833)] Create directory failed for path
[0801/002955:WARNING:webmediaplayer_impl.cc(341)] Using MultibufferDataSource
[0801/005635:WARNING:quota_manager.cc(1833)] Create directory failed for path
[0801/012635:WARNING:quota_manager.cc(1833)] Create directory failed for path
[0801/015635:WARNING:quota_manager.cc(1833)] Create directory failed for path
[0801/050936:WARNING:quota_manager.cc(1833)] Create directory failed for path
[0801/104953:WARNING:quota_manager.cc(1833)] Create directory failed for path
[0801/105956:WARNING:webmediaplayer_impl.cc(341)] Using MultibufferDataSource
[0801/110055:WARNING:webmediaplayer_impl.cc(341)] Using MultibufferDataSource
[0801/110144:WARNING:webmediaplayer_impl.cc(341)] Using MultibufferDataSource
[0801/110317:WARNING:webmediaplayer_impl.cc(341)] Using MultibufferDataSource
[0801/110325:WARNING:webmediaplayer_impl.cc(341)] Using MultibufferDataSource
[0801/110335:WARNING:webmediaplayer_impl.cc(341)] Using MultibufferDataSource
[0801/110343:WARNING:webmediaplayer_impl.cc(341)] Using MultibufferDataSource
[0801/111953:WARNING:quota_manager.cc(1833)] Create directory failed for path
[0801/114953:WARNING:quota_manager.cc(1833)] Create directory failed for path
[0801/121953:WARNING:quota_manager.cc(1833)] Create directory failed for path
[0801/124953:WARNING:quota_manager.cc(1833)] Create directory failed for path
[0801/131953:WARNING:quota_manager.cc(1833)] Create directory failed for path
[0801/134953:WARNING:quota_manager.cc(1833)] Create directory failed for path
[0801/142044:WARNING:quota_manager.cc(1833)] Create directory failed for path
[0801/142100:WARNING:dns_config_service_win.cc(674)] Failed to read DnsConfig.
[0801/145044:WARNING:quota_manager.cc(1833)] Create directory failed for path
[0801/152044:WARNING:quota_manager.cc(1833)] Create directory failed for path
[0801/155044:WARNING:quota_manager.cc(1833)] Create directory failed for path
[0801/182929:WARNING:quota_manager.cc(1833)] Create directory failed for path
[0801/182933:WARNING:dns_config_service_win.cc(674)] Failed to read DnsConfig.
[0801/185929:WARNING:quota_manager.cc(1833)] Create directory failed for path
[0801/192929:WARNING:quota_manager.cc(1833)] Create directory failed for path
[0801/195929:WARNING:quota_manager.cc(1833)] Create directory failed for path
[0801/202929:WARNING:quota_manager.cc(1833)] Create directory failed for path
[0801/205929:WARNING:quota_manager.cc(1833)] Create directory failed for path
[0801/212929:WARNING:quota_manager.cc(1833)] Create directory failed for path
[0801/214059:INFO:exception_record.cc(518)] [QB]Process ID: 23428 Type: 2
[0801/214101:INFO:exception_record.cc(518)] [QB]Process ID: 26100 Type: 2
[0801/215925:WARNING:webmediaplayer_impl.cc(341)] Using MultibufferDataSource
[0801/215929:WARNING:quota_manager.cc(1833)] Create directory failed for path
[0801/220312:ERROR:ffmpeg_demuxer.cc(1510)] media::FFmpegDemuxer::OnReadFrameDone result=-541478725 IsMaxMemoryUsageReached=0
[0801/222929:WARNING:quota_manager.cc(1833)] Create directory failed for path
[0801/224146:INFO:exception_record.cc(518)] [QB]Process ID: 14404 Type: 2
[0801/225929:WARNING:quota_manager.cc(1833)] Create directory failed for path
[0801/230739:INFO:exception_record.cc(518)] [QB]Process ID: 18456 Type: 2
[0801/232929:WARNING:quota_manager.cc(1833)] Create directory failed for path
[0801/234046:WARNING:webmediaplayer_impl.cc(341)] Using MultibufferDataSource
[0801/235929:WARNING:quota_manager.cc(1833)] Create directory failed for path
[0802/002929:WARNING:quota_manager.cc(1833)] Create directory failed for path
[0802/005929:WARNING:quota_manager.cc(1833)] Create directory failed for path
[0802/012929:WARNING:quota_manager.cc(1833)] Create directory failed for path
[0802/015929:WARNING:quota_manager.cc(1833)] Create directory failed for path
[0802/022929:WARNING:quota_manager.cc(1833)] Create directory failed for path
[0802/025929:WARNING:quota_manager.cc(1833)] Create directory failed for path
[0802/032929:WARNING:quota_manager.cc(1833)] Create directory failed for path
[0802/035929:WARNING:quota_manager.cc(1833)] Create directory failed for path
[0802/070413:WARNING:quota_manager.cc(1833)] Create directory failed for path
[0802/102123:WARNING:quota_manager.cc(1833)] Create directory failed for path
[0802/105123:WARNING:quota_manager.cc(1833)] Create directory failed for path
[0802/112123:WARNING:quota_manager.cc(1833)] Create directory failed for path
[0802/115123:WARNING:quota_manager.cc(1833)] Create directory failed for path
[0802/122123:WARNING:quota_manager.cc(1833)] Create directory failed for path
[0802/125123:WARNING:quota_manager.cc(1833)] Create directory failed for path
[0802/132123:WARNING:quota_manager.cc(1833)] Create directory failed for path
[0802/135123:WARNING:quota_manager.cc(1833)] Create directory failed for path
[0802/171946:WARNING:quota_manager.cc(1833)] Create directory failed for path
[0802/171950:WARNING:dns_config_service_win.cc(674)] Failed to read DnsConfig.
[0802/171955:WARNING:dns_config_service_win.cc(674)] Failed to read DnsConfig.
[0802/220058:WARNING:quota_manager.cc(1833)] Create directory failed for path
[0802/220058:WARNING:dns_config_service_win.cc(674)] Failed to read DnsConfig.
[0802/220103:WARNING:dns_config_service_win.cc(674)] Failed to read DnsConfig.
[0802/223058:WARNING:quota_manager.cc(1833)] Create directory failed for path
[0802/230058:WARNING:quota_manager.cc(1833)] Create directory failed for path
[0802/233058:WARNING:quota_manager.cc(1833)] Create directory failed for path
[0803/000058:WARNING:quota_manager.cc(1833)] Create directory failed for path
[0803/002048:WARNING:webmediaplayer_impl.cc(341)] Using MultibufferDataSource
[0803/003058:WARNING:quota_manager.cc(1833)] Create directory failed for path
[0803/010055:WARNING:quota_manager.cc(1833)] Create directory failed for path
[0803/013055:WARNING:quota_manager.cc(1833)] Create directory failed for path
[0803/043502:WARNING:quota_manager.cc(1833)] Create directory failed for path
[0803/094154:WARNING:quota_manager.cc(1833)] Create directory failed for path
[0803/101154:WARNING:quota_manager.cc(1833)] Create directory failed for path
[0803/104154:WARNING:quota_manager.cc(1833)] Create directory failed for path
[0803/111154:WARNING:quota_manager.cc(1833)] Create directory failed for path
[0803/114154:WARNING:quota_manager.cc(1833)] Create directory failed for path
[0803/121154:WARNING:quota_manager.cc(1833)] Create directory failed for path
[0803/124154:WARNING:quota_manager.cc(1833)] Create directory failed for path
[0803/131155:WARNING:quota_manager.cc(1833)] Create directory failed for path
[0803/134155:WARNING:quota_manager.cc(1833)] Create directory failed for path
[0803/141155:WARNING:quota_manager.cc(1833)] Create directory failed for path
[0803/144155:WARNING:quota_manager.cc(1833)] Create directory failed for path
[0803/174453:WARNING:quota_manager.cc(1833)] Create directory failed for path
[0803/174511:WARNING:dns_config_service_win.cc(674)] Failed to read DnsConfig.
[0803/174516:WARNING:dns_config_service_win.cc(674)] Failed to read DnsConfig.
[0803/203258:WARNING:quota_manager.cc(1833)] Create directory failed for path
[0803/203303:WARNING:dns_config_service_win.cc(674)] Failed to read DnsConfig.
[0803/210258:WARNING:quota_manager.cc(1833)] Create directory failed for path
[0803/213258:WARNING:quota_manager.cc(1833)] Create directory failed for path
[0803/220258:WARNING:quota_manager.cc(1833)] Create directory failed for path
[0803/220422:INFO:exception_record.cc(518)] [QB]Process ID: 24736 Type: 2
[0803/220429:WARNING:webmediaplayer_impl.cc(341)] Using MultibufferDataSource
[0803/220506:INFO:exception_record.cc(518)] [QB]Process ID: 14392 Type: 2
[0803/221541:WARNING:webmediaplayer_impl.cc(341)] Using MultibufferDataSource
[0803/221908:ERROR:ffmpeg_demuxer.cc(1510)] media::FFmpegDemuxer::OnReadFrameDone result=-541478725 IsMaxMemoryUsageReached=0
[0803/223258:WARNING:quota_manager.cc(1833)] Create directory failed for path
[0803/230258:WARNING:quota_manager.cc(1833)] Create directory failed for path
[0803/231447:WARNING:webmediaplayer_impl.cc(341)] Using MultibufferDataSource
[0803/233258:WARNING:quota_manager.cc(1833)] Create directory failed for path
[0803/234035:WARNING:webmediaplayer_impl.cc(341)] Using MultibufferDataSource
[0804/000258:WARNING:quota_manager.cc(1833)] Create directory failed for path
[0804/003258:WARNING:quota_manager.cc(1833)] Create directory failed for path
[0804/010258:WARNING:quota_manager.cc(1833)] Create directory failed for path
[0804/013258:WARNING:quota_manager.cc(1833)] Create directory failed for path
[0804/020258:WARNING:quota_manager.cc(1833)] Create directory failed for path
[0804/023258:WARNING:quota_manager.cc(1833)] Create directory failed for path
[0804/030258:WARNING:quota_manager.cc(1833)] Create directory failed for path
[0804/033258:WARNING:quota_manager.cc(1833)] Create directory failed for path
[0804/040258:WARNING:quota_manager.cc(1833)] Create directory failed for path
[0804/043258:WARNING:quota_manager.cc(1833)] Create directory failed for path
[0804/050258:WARNING:quota_manager.cc(1833)] Create directory failed for path
[0804/053258:WARNING:quota_manager.cc(1833)] Create directory failed for path
[0804/060258:WARNING:quota_manager.cc(1833)] Create directory failed for path
[0804/063258:WARNING:quota_manager.cc(1833)] Create directory failed for path
[0804/070258:WARNING:quota_manager.cc(1833)] Create directory failed for path
[0804/073258:WARNING:quota_manager.cc(1833)] Create directory failed for path
[0804/080258:WARNING:quota_manager.cc(1833)] Create directory failed for path
[0804/083258:WARNING:quota_manager.cc(1833)] Create directory failed for path
[0804/090258:WARNING:quota_manager.cc(1833)] Create directory failed for path
[0804/093258:WARNING:quota_manager.cc(1833)] Create directory failed for path
[0804/100258:WARNING:quota_manager.cc(1833)] Create directory failed for path
[0804/103258:WARNING:quota_manager.cc(1833)] Create directory failed for path
[0804/110258:WARNING:quota_manager.cc(1833)] Create directory failed for path
[0804/113258:WARNING:quota_manager.cc(1833)] Create directory failed for path
[0804/114044:WARNING:webmediaplayer_impl.cc(341)] Using MultibufferDataSource
[0804/114135:WARNING:webmediaplayer_impl.cc(341)] Using MultibufferDataSource
[0804/114219:WARNING:webmediaplayer_impl.cc(341)] Using MultibufferDataSource
[0804/114512:WARNING:audio_sync_reader.cc(132)] AudioSyncReader::Read timed out, audio glitch count=1
[0804/114528:WARNING:webmediaplayer_impl.cc(341)] Using MultibufferDataSource
[0804/114538:WARNING:webmediaplayer_impl.cc(341)] Using MultibufferDataSource
[0804/114553:WARNING:webmediaplayer_impl.cc(341)] Using MultibufferDataSource
[0804/114603:WARNING:webmediaplayer_impl.cc(341)] Using MultibufferDataSource
[0804/120258:WARNING:quota_manager.cc(1833)] Create directory failed for path
[0804/150538:WARNING:quota_manager.cc(1833)] Create directory failed for path
[0804/150547:WARNING:dns_config_service_win.cc(674)] Failed to read DnsConfig.
[0804/172045:WARNING:quota_manager.cc(1833)] Create directory failed for path
[0804/172046:WARNING:dns_config_service_win.cc(674)] Failed to read DnsConfig.
[0804/172051:WARNING:dns_config_service_win.cc(674)] Failed to read DnsConfig.
[0804/175045:WARNING:quota_manager.cc(1833)] Create directory failed for path
[0804/182045:WARNING:quota_manager.cc(1833)] Create directory failed for path
[0804/185045:WARNING:quota_manager.cc(1833)] Create directory failed for path
[0804/200619:WARNING:quota_manager.cc(1833)] Create directory failed for path
[0804/203619:WARNING:quota_manager.cc(1833)] Create directory failed for path
[0804/210619:WARNING:quota_manager.cc(1833)] Create directory failed for path
[0804/213619:WARNING:quota_manager.cc(1833)] Create directory failed for path
[0804/222639:WARNING:quota_manager.cc(1833)] Create directory failed for path
[0804/225639:WARNING:quota_manager.cc(1833)] Create directory failed for path
[0804/232639:WARNING:quota_manager.cc(1833)] Create directory failed for path
[0804/235639:WARNING:quota_manager.cc(1833)] Create directory failed for path
[0805/002639:WARNING:quota_manager.cc(1833)] Create directory failed for path
[0805/005639:WARNING:quota_manager.cc(1833)] Create directory failed for path
[0805/012639:WARNING:quota_manager.cc(1833)] Create directory failed for path
[0805/015639:WARNING:quota_manager.cc(1833)] Create directory failed for path
[0805/022639:WARNING:quota_manager.cc(1833)] Create directory failed for path
[0805/025636:WARNING:quota_manager.cc(1833)] Create directory failed for path
[0805/032636:WARNING:quota_manager.cc(1833)] Create directory failed for path
[0805/035636:WARNING:quota_manager.cc(1833)] Create directory failed for path
[0805/042636:WARNING:quota_manager.cc(1833)] Create directory failed for path
[0805/045636:WARNING:quota_manager.cc(1833)] Create directory failed for path
[0805/052636:WARNING:quota_manager.cc(1833)] Create directory failed for path
[0805/055636:WARNING:quota_manager.cc(1833)] Create directory failed for path
[0805/062636:WARNING:quota_manager.cc(1833)] Create directory failed for path
[0805/065636:WARNING:quota_manager.cc(1833)] Create directory failed for path
[0805/072636:WARNING:quota_manager.cc(1833)] Create directory failed for path
[0805/075636:WARNING:quota_manager.cc(1833)] Create directory failed for path
[0805/082636:WARNING:quota_manager.cc(1833)] Create directory failed for path
[0805/085636:WARNING:quota_manager.cc(1833)] Create directory failed for path
[0805/092636:WARNING:quota_manager.cc(1833)] Create directory failed for path
[0805/095636:WARNING:quota_manager.cc(1833)] Create directory failed for path
[0805/102636:WARNING:quota_manager.cc(1833)] Create directory failed for path
[0805/105636:WARNING:quota_manager.cc(1833)] Create directory failed for path
[0805/112636:WARNING:quota_manager.cc(1833)] Create directory failed for path
[0805/115636:WARNING:quota_manager.cc(1833)] Create directory failed for path
[0805/122636:WARNING:quota_manager.cc(1833)] Create directory failed for path
[0805/125636:WARNING:quota_manager.cc(1833)] Create directory failed for path
[0805/132636:WARNING:quota_manager.cc(1833)] Create directory failed for path
[0805/135636:WARNING:quota_manager.cc(1833)] Create directory failed for path
[0805/142636:WARNING:quota_manager.cc(1833)] Create directory failed for path
[0805/145636:WARNING:quota_manager.cc(1833)] Create directory failed for path
[0805/152636:WARNING:quota_manager.cc(1833)] Create directory failed for path
[0805/155636:WARNING:quota_manager.cc(1833)] Create directory failed for path
[0805/162636:WARNING:quota_manager.cc(1833)] Create directory failed for path
[0805/173242:WARNING:quota_manager.cc(1833)] Create directory failed for path
[0805/180242:WARNING:quota_manager.cc(1833)] Create directory failed for path
[0805/183003:WARNING:webmediaplayer_impl.cc(341)] Using MultibufferDataSource
[0805/183010:WARNING:webmediaplayer_impl.cc(341)] Using MultibufferDataSource
[0805/183010:WARNING:http_cache_transaction.cc(2516)] Failed to revalidate partial entry
[0805/183016:WARNING:webmediaplayer_impl.cc(341)] Using MultibufferDataSource
[0805/183026:WARNING:webmediaplayer_impl.cc(341)] Using MultibufferDataSource
[0805/183038:WARNING:webmediaplayer_impl.cc(341)] Using MultibufferDataSource
[0805/183059:WARNING:webmediaplayer_impl.cc(341)] Using MultibufferDataSource
[0805/183122:WARNING:webmediaplayer_impl.cc(341)] Using MultibufferDataSource
[0805/183134:WARNING:webmediaplayer_impl.cc(341)] Using MultibufferDataSource
[0805/183242:WARNING:quota_manager.cc(1833)] Create directory failed for path
[0805/190242:WARNING:quota_manager.cc(1833)] Create directory failed for path
[0805/193242:WARNING:quota_manager.cc(1833)] Create directory failed for path
[0805/200242:WARNING:quota_manager.cc(1833)] Create directory failed for path
[0805/203957:WARNING:quota_manager.cc(1833)] Create directory failed for path
[0805/210957:WARNING:quota_manager.cc(1833)] Create directory failed for path
[0805/213957:WARNING:quota_manager.cc(1833)] Create directory failed for path
[0805/220957:WARNING:quota_manager.cc(1833)] Create directory failed for path
[0805/223957:WARNING:quota_manager.cc(1833)] Create directory failed for path
[0805/230957:WARNING:quota_manager.cc(1833)] Create directory failed for path
[0805/233957:WARNING:quota_manager.cc(1833)] Create directory failed for path
[0806/000957:WARNING:quota_manager.cc(1833)] Create directory failed for path
[0806/003957:WARNING:quota_manager.cc(1833)] Create directory failed for path
[0806/010957:WARNING:quota_manager.cc(1833)] Create directory failed for path
[0806/043037:WARNING:quota_manager.cc(1833)] Create directory failed for path
[0806/092341:WARNING:quota_manager.cc(1833)] Create directory failed for path
[0806/094748:WARNING:webmediaplayer_impl.cc(341)] Using MultibufferDataSource
[0806/094755:WARNING:webmediaplayer_impl.cc(341)] Using MultibufferDataSource
[0806/094806:WARNING:webmediaplayer_impl.cc(341)] Using MultibufferDataSource
[0806/094823:WARNING:webmediaplayer_impl.cc(341)] Using MultibufferDataSource
[0806/094834:WARNING:webmediaplayer_impl.cc(341)] Using MultibufferDataSource
[0806/094906:WARNING:webmediaplayer_impl.cc(341)] Using MultibufferDataSource
[0806/094915:WARNING:webmediaplayer_impl.cc(341)] Using MultibufferDataSource
[0806/094924:WARNING:webmediaplayer_impl.cc(341)] Using MultibufferDataSource
[0806/094934:WARNING:webmediaplayer_impl.cc(341)] Using MultibufferDataSource
[0806/095341:WARNING:quota_manager.cc(1833)] Create directory failed for path
[0806/102341:WARNING:quota_manager.cc(1833)] Create directory failed for path
[0806/105341:WARNING:quota_manager.cc(1833)] Create directory failed for path
[0806/122422:WARNING:quota_manager.cc(1833)] Create directory failed for path
[0806/125424:WARNING:quota_manager.cc(1833)] Create directory failed for path
[0806/132424:WARNING:quota_manager.cc(1833)] Create directory failed for path
[0806/135424:WARNING:quota_manager.cc(1833)] Create directory failed for path
[0806/142424:WARNING:quota_manager.cc(1833)] Create directory failed for path
[0806/145424:WARNING:quota_manager.cc(1833)] Create directory failed for path
[0806/152424:WARNING:quota_manager.cc(1833)] Create directory failed for path
[0806/155424:WARNING:quota_manager.cc(1833)] Create directory failed for path
[0806/162424:WARNING:quota_manager.cc(1833)] Create directory failed for path
[0806/165424:WARNING:quota_manager.cc(1833)] Create directory failed for path
[0806/172424:WARNING:quota_manager.cc(1833)] Create directory failed for path
[0806/175424:WARNING:quota_manager.cc(1833)] Create directory failed for path
[0806/182424:WARNING:quota_manager.cc(1833)] Create directory failed for path
[0806/185424:WARNING:quota_manager.cc(1833)] Create directory failed for path
[0806/192424:WARNING:quota_manager.cc(1833)] Create directory failed for path
[0806/195317:WARNING:webmediaplayer_impl.cc(341)] Using MultibufferDataSource
[0806/195424:WARNING:quota_manager.cc(1833)] Create directory failed for path
[0806/202424:WARNING:quota_manager.cc(1833)] Create directory failed for path
[0806/205424:WARNING:quota_manager.cc(1833)] Create directory failed for path
[0806/212424:WARNING:quota_manager.cc(1833)] Create directory failed for path
[0806/215424:WARNING:quota_manager.cc(1833)] Create directory failed for path
[0806/222424:WARNING:quota_manager.cc(1833)] Create directory failed for path
[0806/225424:WARNING:quota_manager.cc(1833)] Create directory failed for path
[0806/232424:WARNING:quota_manager.cc(1833)] Create directory failed for path
[0806/235424:WARNING:quota_manager.cc(1833)] Create directory failed for path
[0807/002424:WARNING:quota_manager.cc(1833)] Create directory failed for path
[0807/005424:WARNING:quota_manager.cc(1833)] Create directory failed for path
[0807/010524:WARNING:webmediaplayer_impl.cc(341)] Using MultibufferDataSource
[0807/041608:WARNING:quota_manager.cc(1833)] Create directory failed for path
[0807/084308:WARNING:quota_manager.cc(1833)] Create directory failed for path
[0807/084318:ERROR:ffmpeg_demuxer.cc(365)] Format conversion failed.
[0807/084318:ERROR:ffmpeg_demuxer.cc(1510)] media::FFmpegDemuxer::OnReadFrameDone result=-1094995529 IsMaxMemoryUsageReached=0
[0807/084318:ERROR:render_media_log.cc(25)] MediaEvent: PIPELINE_ERROR pipeline: read error
[0807/091308:WARNING:quota_manager.cc(1833)] Create directory failed for path
[0807/093923:INFO:exception_record.cc(518)] [QB]Process ID: 21692 Type: 2
[0807/094308:WARNING:quota_manager.cc(1833)] Create directory failed for path
[0807/101308:WARNING:quota_manager.cc(1833)] Create directory failed for path
[0807/134216:WARNING:quota_manager.cc(1833)] Create directory failed for path
[0807/192329:WARNING:quota_manager.cc(1833)] Create directory failed for path
[0807/195329:WARNING:quota_manager.cc(1833)] Create directory failed for path
[0807/201431:INFO:exception_record.cc(518)] [QB]Process ID: 27128 Type: 2
[0807/201440:WARNING:quota_manager.cc(1833)] Create directory failed for path
[0807/201440:ERROR:waituntilobserver.cpp(144)] NOT IMPLEMENTED
[0807/201821:INFO:exception_record.cc(518)] [QB]Process ID: 24232 Type: 2
[0807/202329:WARNING:quota_manager.cc(1833)] Create directory failed for path
[0807/204304:WARNING:webmediaplayer_impl.cc(341)] Using MultibufferDataSource
[0807/204340:WARNING:webmediaplayer_impl.cc(341)] Using MultibufferDataSource
[0807/204411:WARNING:webmediaplayer_impl.cc(341)] Using MultibufferDataSource
[0807/204517:WARNING:webmediaplayer_impl.cc(341)] Using MultibufferDataSource
[0807/204610:WARNING:webmediaplayer_impl.cc(341)] Using MultibufferDataSource
[0807/204626:WARNING:webmediaplayer_impl.cc(341)] Using MultibufferDataSource
[0807/204638:WARNING:webmediaplayer_impl.cc(341)] Using MultibufferDataSource
[0807/204652:WARNING:webmediaplayer_impl.cc(341)] Using MultibufferDataSource
[0807/205329:WARNING:quota_manager.cc(1833)] Create directory failed for path
[0807/210159:ERROR:ffmpeg_demuxer.cc(1510)] media::FFmpegDemuxer::OnReadFrameDone result=-541478725 IsMaxMemoryUsageReached=0
[0807/212327:WARNING:quota_manager.cc(1833)] Create directory failed for path
[0807/215327:WARNING:quota_manager.cc(1833)] Create directory failed for path
[0807/222327:WARNING:quota_manager.cc(1833)] Create directory failed for path
[0807/222521:WARNING:webmediaplayer_impl.cc(341)] Using MultibufferDataSource
[0807/224101:ERROR:ffmpeg_demuxer.cc(1510)] media::FFmpegDemuxer::OnReadFrameDone result=-541478725 IsMaxMemoryUsageReached=0
[0807/224255:WARNING:webmediaplayer_impl.cc(341)] Using MultibufferDataSource
[0807/225327:WARNING:quota_manager.cc(1833)] Create directory failed for path
[0807/231621:WARNING:webmediaplayer_impl.cc(341)] Using MultibufferDataSource
[0807/232327:WARNING:quota_manager.cc(1833)] Create directory failed for path
[0807/235327:WARNING:quota_manager.cc(1833)] Create directory failed for path
[0808/002327:WARNING:quota_manager.cc(1833)] Create directory failed for path
[0808/005327:WARNING:quota_manager.cc(1833)] Create directory failed for path
[0808/012327:WARNING:quota_manager.cc(1833)] Create directory failed for path
[0808/015327:WARNING:quota_manager.cc(1833)] Create directory failed for path
[0808/022327:WARNING:quota_manager.cc(1833)] Create directory failed for path
[0808/025327:WARNING:quota_manager.cc(1833)] Create directory failed for path
[0808/060619:WARNING:quota_manager.cc(1833)] Create directory failed for path
[0808/102936:WARNING:quota_manager.cc(1833)] Create directory failed for path
[0808/103413:WARNING:webmediaplayer_impl.cc(341)] Using MultibufferDataSource
[0808/103502:WARNING:webmediaplayer_impl.cc(341)] Using MultibufferDataSource
[0808/103519:WARNING:webmediaplayer_impl.cc(341)] Using MultibufferDataSource
[0808/103534:WARNING:webmediaplayer_impl.cc(341)] Using MultibufferDataSource
[0808/103633:WARNING:webmediaplayer_impl.cc(341)] Using MultibufferDataSource
[0808/103656:WARNING:webmediaplayer_impl.cc(341)] Using MultibufferDataSource
[0808/103734:WARNING:webmediaplayer_impl.cc(341)] Using MultibufferDataSource
[0808/103745:WARNING:webmediaplayer_impl.cc(341)] Using MultibufferDataSource
[0808/105936:WARNING:quota_manager.cc(1833)] Create directory failed for path
[0808/110126:ERROR:ffmpeg_demuxer.cc(1510)] media::FFmpegDemuxer::OnReadFrameDone result=-541478725 IsMaxMemoryUsageReached=0
[0808/112936:WARNING:quota_manager.cc(1833)] Create directory failed for path
[0808/115936:WARNING:quota_manager.cc(1833)] Create directory failed for path
[0808/122936:WARNING:quota_manager.cc(1833)] Create directory failed for path
[0808/125936:WARNING:quota_manager.cc(1833)] Create directory failed for path
[0808/132936:WARNING:quota_manager.cc(1833)] Create directory failed for path
[0808/140538:WARNING:quota_manager.cc(1833)] Create directory failed for path
[0808/140542:WARNING:dns_config_service_win.cc(674)] Failed to read DnsConfig.
[0808/143538:WARNING:quota_manager.cc(1833)] Create directory failed for path
[0808/150538:WARNING:quota_manager.cc(1833)] Create directory failed for path
[0808/153538:WARNING:quota_manager.cc(1833)] Create directory failed for path
[0808/160538:WARNING:quota_manager.cc(1833)] Create directory failed for path
[0808/163538:WARNING:quota_manager.cc(1833)] Create directory failed for path
[0808/165449:INFO:exception_record.cc(518)] [QB]Process ID: 23592 Type: 2
[0808/165517:ERROR:ssl_client_socket_impl.cc(1141)] handshake failed; returned -1, SSL error code 1, net_error -100
[0808/165517:WARNING:webmediaplayer_impl.cc(341)] Using MultibufferDataSource
[0808/165519:WARNING:webmediaplayer_impl.cc(341)] Using MultibufferDataSource
[0808/165541:ERROR:ssl_client_socket_impl.cc(1141)] handshake failed; returned -1, SSL error code 1, net_error -100
[0808/165559:ERROR:ssl_client_socket_impl.cc(1141)] handshake failed; returned -1, SSL error code 1, net_error -100
[0808/172040:WARNING:quota_manager.cc(1833)] Create directory failed for path
[0808/172106:WARNING:dns_config_service_win.cc(674)] Failed to read DnsConfig.
[0808/172112:WARNING:dns_config_service_win.cc(674)] Failed to read DnsConfig.
[0808/172119:WARNING:dns_config_service_win.cc(674)] Failed to read DnsConfig.
[0808/174131:INFO:exception_record.cc(518)] [QB]Process ID: 5924 Type: 2
[0808/175042:WARNING:quota_manager.cc(1833)] Create directory failed for path
[0808/182042:WARNING:quota_manager.cc(1833)] Create directory failed for path
[0808/185042:WARNING:quota_manager.cc(1833)] Create directory failed for path
[0808/192042:WARNING:quota_manager.cc(1833)] Create directory failed for path
[0808/195042:WARNING:quota_manager.cc(1833)] Create directory failed for path
[0808/202042:WARNING:quota_manager.cc(1833)] Create directory failed for path
[0808/205042:WARNING:quota_manager.cc(1833)] Create directory failed for path
[0808/212042:WARNING:quota_manager.cc(1833)] Create directory failed for path
[0808/215042:WARNING:quota_manager.cc(1833)] Create directory failed for path
[0808/222042:WARNING:quota_manager.cc(1833)] Create directory failed for path
[0808/225042:WARNING:quota_manager.cc(1833)] Create directory failed for path
[0808/232042:WARNING:quota_manager.cc(1833)] Create directory failed for path
[0808/232454:WARNING:webmediaplayer_impl.cc(341)] Using MultibufferDataSource
[0808/232807:WARNING:webmediaplayer_impl.cc(341)] Using MultibufferDataSource
[0808/232938:WARNING:webmediaplayer_impl.cc(341)] Using MultibufferDataSource
[0808/233019:WARNING:webmediaplayer_impl.cc(341)] Using MultibufferDataSource
[0808/233106:WARNING:webmediaplayer_impl.cc(341)] Using MultibufferDataSource
[0808/233141:WARNING:webmediaplayer_impl.cc(341)] Using MultibufferDataSource
[0808/233348:WARNING:webmediaplayer_impl.cc(341)] Using MultibufferDataSource
[0808/233403:WARNING:webmediaplayer_impl.cc(341)] Using MultibufferDataSource
[0808/235042:WARNING:quota_manager.cc(1833)] Create directory failed for path
[0809/000404:ERROR:ffmpeg_demuxer.cc(1510)] media::FFmpegDemuxer::OnReadFrameDone result=-541478725 IsMaxMemoryUsageReached=0
[0809/000405:WARNING:http_cache_transaction.cc(2516)] Failed to revalidate partial entry
[0809/002042:WARNING:quota_manager.cc(1833)] Create directory failed for path
[0809/005042:WARNING:quota_manager.cc(1833)] Create directory failed for path
[0809/012042:WARNING:quota_manager.cc(1833)] Create directory failed for path
[0809/015042:WARNING:quota_manager.cc(1833)] Create directory failed for path
[0809/022042:WARNING:quota_manager.cc(1833)] Create directory failed for path
[0809/025042:WARNING:quota_manager.cc(1833)] Create directory failed for path
[0809/032042:WARNING:quota_manager.cc(1833)] Create directory failed for path
[0809/035042:WARNING:quota_manager.cc(1833)] Create directory failed for path
[0809/042042:WARNING:quota_manager.cc(1833)] Create directory failed for path
[0809/045042:WARNING:quota_manager.cc(1833)] Create directory failed for path
[0809/080237:WARNING:quota_manager.cc(1833)] Create directory failed for path
[0809/094006:WARNING:quota_manager.cc(1833)] Create directory failed for path
[0809/101006:WARNING:quota_manager.cc(1833)] Create directory failed for path
[0809/104006:WARNING:quota_manager.cc(1833)] Create directory failed for path
[0809/111006:WARNING:quota_manager.cc(1833)] Create directory failed for path
[0809/114730:WARNING:quota_manager.cc(1833)] Create directory failed for path
[0809/121730:WARNING:quota_manager.cc(1833)] Create directory failed for path
[0809/124730:WARNING:quota_manager.cc(1833)] Create directory failed for path
[0809/131730:WARNING:quota_manager.cc(1833)] Create directory failed for path
[0809/134730:WARNING:quota_manager.cc(1833)] Create directory failed for path
[0809/141730:WARNING:quota_manager.cc(1833)] Create directory failed for path
[0809/172500:WARNING:quota_manager.cc(1833)] Create directory failed for path
[0811/180252:WARNING:quota_manager.cc(1833)] Create directory failed for path
[0811/183252:WARNING:quota_manager.cc(1833)] Create directory failed for path
[0811/190252:WARNING:quota_manager.cc(1833)] Create directory failed for path
[0811/193246:WARNING:quota_manager.cc(1833)] Create directory failed for path
[0811/200246:WARNING:quota_manager.cc(1833)] Create directory failed for path
[0811/203246:WARNING:quota_manager.cc(1833)] Create directory failed for path
[0811/210246:WARNING:quota_manager.cc(1833)] Create directory failed for path
[0811/213246:WARNING:quota_manager.cc(1833)] Create directory failed for path
[0811/220246:WARNING:quota_manager.cc(1833)] Create directory failed for path
[0811/221947:INFO:exception_record.cc(518)] [QB]Process ID: 19192 Type: 2
[0811/221958:WARNING:webmediaplayer_impl.cc(341)] Using MultibufferDataSource
[0811/221959:WARNING:webmediaplayer_impl.cc(341)] Using MultibufferDataSource
[0811/223246:WARNING:quota_manager.cc(1833)] Create directory failed for path
[0811/230246:WARNING:quota_manager.cc(1833)] Create directory failed for path
[0811/233246:WARNING:quota_manager.cc(1833)] Create directory failed for path
[0811/233406:INFO:exception_record.cc(518)] [QB]Process ID: 13776 Type: 2
[0811/233410:WARNING:webmediaplayer_impl.cc(341)] Using MultibufferDataSource
[0811/233648:WARNING:webmediaplayer_impl.cc(341)] Using MultibufferDataSource
[0811/233803:WARNING:webmediaplayer_impl.cc(341)] Using MultibufferDataSource
[0811/233832:WARNING:webmediaplayer_impl.cc(341)] Using MultibufferDataSource
[0811/233931:WARNING:webmediaplayer_impl.cc(341)] Using MultibufferDataSource
[0811/233955:WARNING:webmediaplayer_impl.cc(341)] Using MultibufferDataSource
[0811/234018:WARNING:webmediaplayer_impl.cc(341)] Using MultibufferDataSource
[0812/000246:WARNING:quota_manager.cc(1833)] Create directory failed for path
[0812/003246:WARNING:quota_manager.cc(1833)] Create directory failed for path
[0812/010246:WARNING:quota_manager.cc(1833)] Create directory failed for path
[0812/040410:WARNING:quota_manager.cc(1833)] Create directory failed for path
[0812/090957:WARNING:quota_manager.cc(1833)] Create directory failed for path
[0812/093957:WARNING:quota_manager.cc(1833)] Create directory failed for path
[0812/100957:WARNING:quota_manager.cc(1833)] Create directory failed for path
[0812/112723:WARNING:quota_manager.cc(1833)] Create directory failed for path
